#
# There is insufficient memory for the Java Runtime Environment to continue.
# Native memory allocation (malloc) failed to allocate 1048576 bytes for AllocateHeap
# Possible reasons:
#   The system is out of physical RAM or swap space
#   The process is running with CompressedOops enabled, and the Java Heap may be blocking the growth of the native heap
# Possible solutions:
#   Reduce memory load on the system
#   Increase physical memory or swap space
#   Check if swap backing store is full
#   Decrease Java heap size (-Xmx/-Xms)
#   Decrease number of Java threads
#   Decrease Java thread stack sizes (-Xss)
#   Set larger code cache with -XX:ReservedCodeCacheSize=
#   JVM is running with Unscaled Compressed Oops mode in which the Java heap is
#     placed in the first 4GB address space. The Java Heap base address is the
#     maximum limit for the native heap growth. Please use -XX:HeapBaseMinAddress
#     to set the Java Heap base and to place the Java Heap above 4GB virtual address.
# This output file may be truncated or incomplete.
#
#  Out of Memory Error (t:/workspace/open/src/hotspot/share/memory/allocation.cpp:44), pid=16208, tid=11536
#
# JRE version: Java(TM) SE Runtime Environment (14.0+36) (build 14+36-1461)
# Java VM: Java HotSpot(TM) 64-Bit Server VM (14+36-1461, mixed mode, sharing, tiered, compressed oops, g1 gc, windows-amd64)
# No core dump will be written. Minidumps are not enabled by default on client versions of Windows
#

---------------  S U M M A R Y ------------

Command Line: -Dfile.encoding=Cp1252 -Xmx512M studentregister

Host: Intel(R) Core(TM) i5-8250U CPU @ 1.60GHz, 8 cores, 7G,  Windows 10 , 64 bit Build 18362 (10.0.18362.778)
Time: Mon May 11 16:34:51 2020 India Standard Time elapsed time: 0 seconds (0d 0h 0m 0s)

---------------  T H R E A D  ---------------

Current thread (0x000002411be92000):  VMThread "VM Thread" [stack: 0x00000046eac00000,0x00000046ead00000] [id=11536]

Stack: [0x00000046eac00000,0x00000046ead00000]
[error occurred during error reporting (printing stack bounds), id 0xc0000005, EXCEPTION_ACCESS_VIOLATION (0xc0000005) at pc=0x00000241086f10ad]

Native frames: (J=compiled Java code, j=interpreted, Vv=VM code, C=native code)
V  [jvm.dll+0x5f83ea]
V  [jvm.dll+0x741e2a]
V  [jvm.dll+0x7435df]
V  [jvm.dll+0x743b85]
V  [jvm.dll+0x743b3b]
V  [jvm.dll+0x5f791f]
V  [jvm.dll+0x5f8088]
C  [ntdll.dll+0xa11cf]
C  [ntdll.dll+0x6a209]
C  [ntdll.dll+0x9fe3e]
C  0x00000241086f10ad

VM_Operation (0x00000046ebbfdb90): CollectForMetadataAllocation, mode: safepoint, requested by thread 0x000002411cc07800


---------------  P R O C E S S  ---------------

Threads class SMR info:
_java_thread_list=0x000002411cfa95e0, length=16, elements={
0x000002411be94000, 0x000002411be95000, 0x000002411beae000, 0x000002411beb1800,
0x000002411beb5800, 0x000002411beb8000, 0x000002411bec5000, 0x000002411bebb000,
0x000002411c935000, 0x000002411c93c800, 0x000002411cbe1800, 0x000002411cbea000,
0x000002411cbed000, 0x000002411cc07800, 0x0000024179042800, 0x000002411cfe7800
}

Java Threads: ( => current thread )
  0x000002411be94000 JavaThread "Reference Handler" daemon [_thread_blocked, id=5024, stack(0x00000046ead00000,0x00000046eae00000)]
  0x000002411be95000 JavaThread "Finalizer" daemon [_thread_blocked, id=4652, stack(0x00000046eae00000,0x00000046eaf00000)]
  0x000002411beae000 JavaThread "Signal Dispatcher" daemon [_thread_blocked, id=15756, stack(0x00000046eaf00000,0x00000046eb000000)]
  0x000002411beb1800 JavaThread "Attach Listener" daemon [_thread_blocked, id=14064, stack(0x00000046eb000000,0x00000046eb100000)]
  0x000002411beb5800 JavaThread "Service Thread" daemon [_thread_blocked, id=3956, stack(0x00000046eb100000,0x00000046eb200000)]
  0x000002411beb8000 JavaThread "C2 CompilerThread0" daemon [_thread_blocked, id=14844, stack(0x00000046eb200000,0x00000046eb300000)]
  0x000002411bec5000 JavaThread "C1 CompilerThread0" daemon [_thread_blocked, id=16232, stack(0x00000046eb300000,0x00000046eb400000)]
  0x000002411bebb000 JavaThread "Sweeper thread" daemon [_thread_blocked, id=9916, stack(0x00000046eb400000,0x00000046eb500000)]
  0x000002411c935000 JavaThread "Notification Thread" daemon [_thread_blocked, id=13268, stack(0x00000046eb500000,0x00000046eb600000)]
  0x000002411c93c800 JavaThread "Common-Cleaner" daemon [_thread_blocked, id=8768, stack(0x00000046eb700000,0x00000046eb800000)]
  0x000002411cbe1800 JavaThread "Java2D Disposer" daemon [_thread_blocked, id=208, stack(0x00000046eb800000,0x00000046eb900000)]
  0x000002411cbea000 JavaThread "AWT-Shutdown" [_thread_blocked, id=12540, stack(0x00000046eb900000,0x00000046eba00000)]
  0x000002411cbed000 JavaThread "AWT-Windows" daemon [_thread_in_native, id=11456, stack(0x00000046eba00000,0x00000046ebb00000)]
  0x000002411cc07800 JavaThread "AWT-EventQueue-0" [_thread_blocked, id=1732, stack(0x00000046ebb00000,0x00000046ebc00000)]
  0x0000024179042800 JavaThread "DestroyJavaVM" [_thread_blocked, id=11392, stack(0x00000046ea600000,0x00000046ea700000)]
  0x000002411cfe7800 JavaThread "TimerQueue" daemon [_thread_blocked, id=13712, stack(0x00000046ebc00000,0x00000046ebd00000)]

Other Threads:
=>0x000002411be92000 VMThread "VM Thread" [stack: 0x00000046eac00000,0x00000046ead00000] [id=11536]
  0x000002411c93a000 WatcherThread [stack: 0x00000046eb600000,0x00000046eb700000] [id=8204]
  0x0000024179069800 GCTaskThread "GC Thread#0" [stack: 0x00000046ea700000,0x00000046ea800000] [id=15512]
  0x000002411cffe800 GCTaskThread "GC Thread#1" [stack: 0x00000046ebd00000,0x00000046ebe00000] [id=10128]
  0x000002411cfff000 GCTaskThread "GC Thread#2" [stack: 0x00000046ebe00000,0x00000046ebf00000] [id=15188]
  0x000002411d000000 GCTaskThread "GC Thread#3" [stack: 0x00000046ebf00000,0x00000046ec000000] [id=4564]
  0x0000024179070000 ConcurrentGCThread "G1 Main Marker" [stack: 0x00000046ea800000,0x00000046ea900000] [id=13556]
  0x0000024179072800 ConcurrentGCThread "G1 Conc#0" [stack: 0x00000046ea900000,0x00000046eaa00000] [id=10464]
  0x000002411d000800 ConcurrentGCThread "G1 Conc#1" [stack: 0x00000046ec000000,0x00000046ec100000] [id=1804]
  0x0000024179109000 ConcurrentGCThread "G1 Refine#0" [stack: 0x00000046eaa00000,0x00000046eab00000] [id=15392]
  0x000002417910a000 ConcurrentGCThread "G1 Young RemSet Sampling" [stack: 0x00000046eab00000,0x00000046eac00000] [id=14412]

Threads with active compile tasks:

VM state:at safepoint (normal execution)

VM Mutex/Monitor currently owned by a thread:  ([mutex/lock_event])
[0x000002417903e920] Threads_lock - owner thread: 0x000002411be92000
[0x000002417903e2f0] Heap_lock - owner thread: 0x000002411cc07800

Heap address: 0x00000000e0000000, size: 512 MB, Compressed Oops mode: 32-bit
Narrow klass base: 0x0000000800000000, Narrow klass shift: 3
Compressed class space size: 1073741824 Address: 0x0000000800b30000

Heap:
 garbage-first heap   total 131072K, used 1954K [0x00000000e0000000, 0x0000000100000000)
  region size 1024K, 2 young (2048K), 2 survivors (2048K)
 Metaspace       used 7088K, capacity 7317K, committed 7424K, reserved 1064960K
  class space    used 856K, capacity 975K, committed 1024K, reserved 1048576K
Heap Regions: E=young(eden), S=young(survivor), O=old, HS=humongous(starts), HC=humongous(continues), CS=collection set, F=free, OA=open archive, CA=closed archive, TAMS=top-at-mark-start (previous, next)
|   0|0x00000000e0000000, 0x00000000e0000000, 0x00000000e0100000|  0%| F|  |TAMS 0x00000000e0000000, 0x00000000e0000000| Untracked 
|   1|0x00000000e0100000, 0x00000000e0100000, 0x00000000e0200000|  0%| F|  |TAMS 0x00000000e0100000, 0x00000000e0100000| Untracked 
|   2|0x00000000e0200000, 0x00000000e0200000, 0x00000000e0300000|  0%| F|  |TAMS 0x00000000e0200000, 0x00000000e0200000| Untracked 
|   3|0x00000000e0300000, 0x00000000e0300000, 0x00000000e0400000|  0%| F|  |TAMS 0x00000000e0300000, 0x00000000e0300000| Untracked 
|   4|0x00000000e0400000, 0x00000000e0400000, 0x00000000e0500000|  0%| F|  |TAMS 0x00000000e0400000, 0x00000000e0400000| Untracked 
|   5|0x00000000e0500000, 0x00000000e0500000, 0x00000000e0600000|  0%| F|  |TAMS 0x00000000e0500000, 0x00000000e0500000| Untracked 
|   6|0x00000000e0600000, 0x00000000e0600000, 0x00000000e0700000|  0%| F|  |TAMS 0x00000000e0600000, 0x00000000e0600000| Untracked 
|   7|0x00000000e0700000, 0x00000000e0700000, 0x00000000e0800000|  0%| F|  |TAMS 0x00000000e0700000, 0x00000000e0700000| Untracked 
|   8|0x00000000e0800000, 0x00000000e0800000, 0x00000000e0900000|  0%| F|  |TAMS 0x00000000e0800000, 0x00000000e0800000| Untracked 
|   9|0x00000000e0900000, 0x00000000e0900000, 0x00000000e0a00000|  0%| F|  |TAMS 0x00000000e0900000, 0x00000000e0900000| Untracked 
|  10|0x00000000e0a00000, 0x00000000e0a00000, 0x00000000e0b00000|  0%| F|  |TAMS 0x00000000e0a00000, 0x00000000e0a00000| Untracked 
|  11|0x00000000e0b00000, 0x00000000e0b00000, 0x00000000e0c00000|  0%| F|  |TAMS 0x00000000e0b00000, 0x00000000e0b00000| Untracked 
|  12|0x00000000e0c00000, 0x00000000e0c00000, 0x00000000e0d00000|  0%| F|  |TAMS 0x00000000e0c00000, 0x00000000e0c00000| Untracked 
|  13|0x00000000e0d00000, 0x00000000e0d00000, 0x00000000e0e00000|  0%| F|  |TAMS 0x00000000e0d00000, 0x00000000e0d00000| Untracked 
|  14|0x00000000e0e00000, 0x00000000e0e00000, 0x00000000e0f00000|  0%| F|  |TAMS 0x00000000e0e00000, 0x00000000e0e00000| Untracked 
|  15|0x00000000e0f00000, 0x00000000e0f00000, 0x00000000e1000000|  0%| F|  |TAMS 0x00000000e0f00000, 0x00000000e0f00000| Untracked 
|  16|0x00000000e1000000, 0x00000000e1000000, 0x00000000e1100000|  0%| F|  |TAMS 0x00000000e1000000, 0x00000000e1000000| Untracked 
|  17|0x00000000e1100000, 0x00000000e1100000, 0x00000000e1200000|  0%| F|  |TAMS 0x00000000e1100000, 0x00000000e1100000| Untracked 
|  18|0x00000000e1200000, 0x00000000e1200000, 0x00000000e1300000|  0%| F|  |TAMS 0x00000000e1200000, 0x00000000e1200000| Untracked 
|  19|0x00000000e1300000, 0x00000000e1300000, 0x00000000e1400000|  0%| F|  |TAMS 0x00000000e1300000, 0x00000000e1300000| Untracked 
|  20|0x00000000e1400000, 0x00000000e1400000, 0x00000000e1500000|  0%| F|  |TAMS 0x00000000e1400000, 0x00000000e1400000| Untracked 
|  21|0x00000000e1500000, 0x00000000e1500000, 0x00000000e1600000|  0%| F|  |TAMS 0x00000000e1500000, 0x00000000e1500000| Untracked 
|  22|0x00000000e1600000, 0x00000000e1600000, 0x00000000e1700000|  0%| F|  |TAMS 0x00000000e1600000, 0x00000000e1600000| Untracked 
|  23|0x00000000e1700000, 0x00000000e1700000, 0x00000000e1800000|  0%| F|  |TAMS 0x00000000e1700000, 0x00000000e1700000| Untracked 
|  24|0x00000000e1800000, 0x00000000e1800000, 0x00000000e1900000|  0%| F|  |TAMS 0x00000000e1800000, 0x00000000e1800000| Untracked 
|  25|0x00000000e1900000, 0x00000000e1900000, 0x00000000e1a00000|  0%| F|  |TAMS 0x00000000e1900000, 0x00000000e1900000| Untracked 
|  26|0x00000000e1a00000, 0x00000000e1a00000, 0x00000000e1b00000|  0%| F|  |TAMS 0x00000000e1a00000, 0x00000000e1a00000| Untracked 
|  27|0x00000000e1b00000, 0x00000000e1b00000, 0x00000000e1c00000|  0%| F|  |TAMS 0x00000000e1b00000, 0x00000000e1b00000| Untracked 
|  28|0x00000000e1c00000, 0x00000000e1c00000, 0x00000000e1d00000|  0%| F|  |TAMS 0x00000000e1c00000, 0x00000000e1c00000| Untracked 
|  29|0x00000000e1d00000, 0x00000000e1d00000, 0x00000000e1e00000|  0%| F|  |TAMS 0x00000000e1d00000, 0x00000000e1d00000| Untracked 
|  30|0x00000000e1e00000, 0x00000000e1e00000, 0x00000000e1f00000|  0%| F|  |TAMS 0x00000000e1e00000, 0x00000000e1e00000| Untracked 
|  31|0x00000000e1f00000, 0x00000000e1f00000, 0x00000000e2000000|  0%| F|  |TAMS 0x00000000e1f00000, 0x00000000e1f00000| Untracked 
|  32|0x00000000e2000000, 0x00000000e2000000, 0x00000000e2100000|  0%| F|  |TAMS 0x00000000e2000000, 0x00000000e2000000| Untracked 
|  33|0x00000000e2100000, 0x00000000e2100000, 0x00000000e2200000|  0%| F|  |TAMS 0x00000000e2100000, 0x00000000e2100000| Untracked 
|  34|0x00000000e2200000, 0x00000000e2200000, 0x00000000e2300000|  0%| F|  |TAMS 0x00000000e2200000, 0x00000000e2200000| Untracked 
|  35|0x00000000e2300000, 0x00000000e2300000, 0x00000000e2400000|  0%| F|  |TAMS 0x00000000e2300000, 0x00000000e2300000| Untracked 
|  36|0x00000000e2400000, 0x00000000e2400000, 0x00000000e2500000|  0%| F|  |TAMS 0x00000000e2400000, 0x00000000e2400000| Untracked 
|  37|0x00000000e2500000, 0x00000000e2500000, 0x00000000e2600000|  0%| F|  |TAMS 0x00000000e2500000, 0x00000000e2500000| Untracked 
|  38|0x00000000e2600000, 0x00000000e2600000, 0x00000000e2700000|  0%| F|  |TAMS 0x00000000e2600000, 0x00000000e2600000| Untracked 
|  39|0x00000000e2700000, 0x00000000e2700000, 0x00000000e2800000|  0%| F|  |TAMS 0x00000000e2700000, 0x00000000e2700000| Untracked 
|  40|0x00000000e2800000, 0x00000000e2800000, 0x00000000e2900000|  0%| F|  |TAMS 0x00000000e2800000, 0x00000000e2800000| Untracked 
|  41|0x00000000e2900000, 0x00000000e2900000, 0x00000000e2a00000|  0%| F|  |TAMS 0x00000000e2900000, 0x00000000e2900000| Untracked 
|  42|0x00000000e2a00000, 0x00000000e2a00000, 0x00000000e2b00000|  0%| F|  |TAMS 0x00000000e2a00000, 0x00000000e2a00000| Untracked 
|  43|0x00000000e2b00000, 0x00000000e2b00000, 0x00000000e2c00000|  0%| F|  |TAMS 0x00000000e2b00000, 0x00000000e2b00000| Untracked 
|  44|0x00000000e2c00000, 0x00000000e2c00000, 0x00000000e2d00000|  0%| F|  |TAMS 0x00000000e2c00000, 0x00000000e2c00000| Untracked 
|  45|0x00000000e2d00000, 0x00000000e2d00000, 0x00000000e2e00000|  0%| F|  |TAMS 0x00000000e2d00000, 0x00000000e2d00000| Untracked 
|  46|0x00000000e2e00000, 0x00000000e2e00000, 0x00000000e2f00000|  0%| F|  |TAMS 0x00000000e2e00000, 0x00000000e2e00000| Untracked 
|  47|0x00000000e2f00000, 0x00000000e2f00000, 0x00000000e3000000|  0%| F|  |TAMS 0x00000000e2f00000, 0x00000000e2f00000| Untracked 
|  48|0x00000000e3000000, 0x00000000e3000000, 0x00000000e3100000|  0%| F|  |TAMS 0x00000000e3000000, 0x00000000e3000000| Untracked 
|  49|0x00000000e3100000, 0x00000000e3100000, 0x00000000e3200000|  0%| F|  |TAMS 0x00000000e3100000, 0x00000000e3100000| Untracked 
|  50|0x00000000e3200000, 0x00000000e3200000, 0x00000000e3300000|  0%| F|  |TAMS 0x00000000e3200000, 0x00000000e3200000| Untracked 
|  51|0x00000000e3300000, 0x00000000e3300000, 0x00000000e3400000|  0%| F|  |TAMS 0x00000000e3300000, 0x00000000e3300000| Untracked 
|  52|0x00000000e3400000, 0x00000000e3400000, 0x00000000e3500000|  0%| F|  |TAMS 0x00000000e3400000, 0x00000000e3400000| Untracked 
|  53|0x00000000e3500000, 0x00000000e3500000, 0x00000000e3600000|  0%| F|  |TAMS 0x00000000e3500000, 0x00000000e3500000| Untracked 
|  54|0x00000000e3600000, 0x00000000e3600000, 0x00000000e3700000|  0%| F|  |TAMS 0x00000000e3600000, 0x00000000e3600000| Untracked 
|  55|0x00000000e3700000, 0x00000000e3700000, 0x00000000e3800000|  0%| F|  |TAMS 0x00000000e3700000, 0x00000000e3700000| Untracked 
|  56|0x00000000e3800000, 0x00000000e3800000, 0x00000000e3900000|  0%| F|  |TAMS 0x00000000e3800000, 0x00000000e3800000| Untracked 
|  57|0x00000000e3900000, 0x00000000e3900000, 0x00000000e3a00000|  0%| F|  |TAMS 0x00000000e3900000, 0x00000000e3900000| Untracked 
|  58|0x00000000e3a00000, 0x00000000e3a00000, 0x00000000e3b00000|  0%| F|  |TAMS 0x00000000e3a00000, 0x00000000e3a00000| Untracked 
|  59|0x00000000e3b00000, 0x00000000e3b00000, 0x00000000e3c00000|  0%| F|  |TAMS 0x00000000e3b00000, 0x00000000e3b00000| Untracked 
|  60|0x00000000e3c00000, 0x00000000e3c00000, 0x00000000e3d00000|  0%| F|  |TAMS 0x00000000e3c00000, 0x00000000e3c00000| Untracked 
|  61|0x00000000e3d00000, 0x00000000e3d00000, 0x00000000e3e00000|  0%| F|  |TAMS 0x00000000e3d00000, 0x00000000e3d00000| Untracked 
|  62|0x00000000e3e00000, 0x00000000e3e00000, 0x00000000e3f00000|  0%| F|  |TAMS 0x00000000e3e00000, 0x00000000e3e00000| Untracked 
|  63|0x00000000e3f00000, 0x00000000e3f00000, 0x00000000e4000000|  0%| F|  |TAMS 0x00000000e3f00000, 0x00000000e3f00000| Untracked 
|  64|0x00000000e4000000, 0x00000000e4000000, 0x00000000e4100000|  0%| F|  |TAMS 0x00000000e4000000, 0x00000000e4000000| Untracked 
|  65|0x00000000e4100000, 0x00000000e4100000, 0x00000000e4200000|  0%| F|  |TAMS 0x00000000e4100000, 0x00000000e4100000| Untracked 
|  66|0x00000000e4200000, 0x00000000e4200000, 0x00000000e4300000|  0%| F|  |TAMS 0x00000000e4200000, 0x00000000e4200000| Untracked 
|  67|0x00000000e4300000, 0x00000000e4300000, 0x00000000e4400000|  0%| F|  |TAMS 0x00000000e4300000, 0x00000000e4300000| Untracked 
|  68|0x00000000e4400000, 0x00000000e4400000, 0x00000000e4500000|  0%| F|  |TAMS 0x00000000e4400000, 0x00000000e4400000| Untracked 
|  69|0x00000000e4500000, 0x00000000e4500000, 0x00000000e4600000|  0%| F|  |TAMS 0x00000000e4500000, 0x00000000e4500000| Untracked 
|  70|0x00000000e4600000, 0x00000000e4600000, 0x00000000e4700000|  0%| F|  |TAMS 0x00000000e4600000, 0x00000000e4600000| Untracked 
|  71|0x00000000e4700000, 0x00000000e4700000, 0x00000000e4800000|  0%| F|  |TAMS 0x00000000e4700000, 0x00000000e4700000| Untracked 
|  72|0x00000000e4800000, 0x00000000e4800000, 0x00000000e4900000|  0%| F|  |TAMS 0x00000000e4800000, 0x00000000e4800000| Untracked 
|  73|0x00000000e4900000, 0x00000000e4900000, 0x00000000e4a00000|  0%| F|  |TAMS 0x00000000e4900000, 0x00000000e4900000| Untracked 
|  74|0x00000000e4a00000, 0x00000000e4a00000, 0x00000000e4b00000|  0%| F|  |TAMS 0x00000000e4a00000, 0x00000000e4a00000| Untracked 
|  75|0x00000000e4b00000, 0x00000000e4b00000, 0x00000000e4c00000|  0%| F|  |TAMS 0x00000000e4b00000, 0x00000000e4b00000| Untracked 
|  76|0x00000000e4c00000, 0x00000000e4c00000, 0x00000000e4d00000|  0%| F|  |TAMS 0x00000000e4c00000, 0x00000000e4c00000| Untracked 
|  77|0x00000000e4d00000, 0x00000000e4d00000, 0x00000000e4e00000|  0%| F|  |TAMS 0x00000000e4d00000, 0x00000000e4d00000| Untracked 
|  78|0x00000000e4e00000, 0x00000000e4e00000, 0x00000000e4f00000|  0%| F|  |TAMS 0x00000000e4e00000, 0x00000000e4e00000| Untracked 
|  79|0x00000000e4f00000, 0x00000000e4f00000, 0x00000000e5000000|  0%| F|  |TAMS 0x00000000e4f00000, 0x00000000e4f00000| Untracked 
|  80|0x00000000e5000000, 0x00000000e5000000, 0x00000000e5100000|  0%| F|  |TAMS 0x00000000e5000000, 0x00000000e5000000| Untracked 
|  81|0x00000000e5100000, 0x00000000e5100000, 0x00000000e5200000|  0%| F|  |TAMS 0x00000000e5100000, 0x00000000e5100000| Untracked 
|  82|0x00000000e5200000, 0x00000000e5200000, 0x00000000e5300000|  0%| F|  |TAMS 0x00000000e5200000, 0x00000000e5200000| Untracked 
|  83|0x00000000e5300000, 0x00000000e5300000, 0x00000000e5400000|  0%| F|  |TAMS 0x00000000e5300000, 0x00000000e5300000| Untracked 
|  84|0x00000000e5400000, 0x00000000e5400000, 0x00000000e5500000|  0%| F|  |TAMS 0x00000000e5400000, 0x00000000e5400000| Untracked 
|  85|0x00000000e5500000, 0x00000000e5500000, 0x00000000e5600000|  0%| F|  |TAMS 0x00000000e5500000, 0x00000000e5500000| Untracked 
|  86|0x00000000e5600000, 0x00000000e5600000, 0x00000000e5700000|  0%| F|  |TAMS 0x00000000e5600000, 0x00000000e5600000| Untracked 
|  87|0x00000000e5700000, 0x00000000e5700000, 0x00000000e5800000|  0%| F|  |TAMS 0x00000000e5700000, 0x00000000e5700000| Untracked 
|  88|0x00000000e5800000, 0x00000000e5800000, 0x00000000e5900000|  0%| F|  |TAMS 0x00000000e5800000, 0x00000000e5800000| Untracked 
|  89|0x00000000e5900000, 0x00000000e5900000, 0x00000000e5a00000|  0%| F|  |TAMS 0x00000000e5900000, 0x00000000e5900000| Untracked 
|  90|0x00000000e5a00000, 0x00000000e5a00000, 0x00000000e5b00000|  0%| F|  |TAMS 0x00000000e5a00000, 0x00000000e5a00000| Untracked 
|  91|0x00000000e5b00000, 0x00000000e5b00000, 0x00000000e5c00000|  0%| F|  |TAMS 0x00000000e5b00000, 0x00000000e5b00000| Untracked 
|  92|0x00000000e5c00000, 0x00000000e5c00000, 0x00000000e5d00000|  0%| F|  |TAMS 0x00000000e5c00000, 0x00000000e5c00000| Untracked 
|  93|0x00000000e5d00000, 0x00000000e5d00000, 0x00000000e5e00000|  0%| F|  |TAMS 0x00000000e5d00000, 0x00000000e5d00000| Untracked 
|  94|0x00000000e5e00000, 0x00000000e5e00000, 0x00000000e5f00000|  0%| F|  |TAMS 0x00000000e5e00000, 0x00000000e5e00000| Untracked 
|  95|0x00000000e5f00000, 0x00000000e5f00000, 0x00000000e6000000|  0%| F|  |TAMS 0x00000000e5f00000, 0x00000000e5f00000| Untracked 
|  96|0x00000000e6000000, 0x00000000e6000000, 0x00000000e6100000|  0%| F|  |TAMS 0x00000000e6000000, 0x00000000e6000000| Untracked 
|  97|0x00000000e6100000, 0x00000000e6100000, 0x00000000e6200000|  0%| F|  |TAMS 0x00000000e6100000, 0x00000000e6100000| Untracked 
|  98|0x00000000e6200000, 0x00000000e6200000, 0x00000000e6300000|  0%| F|  |TAMS 0x00000000e6200000, 0x00000000e6200000| Untracked 
|  99|0x00000000e6300000, 0x00000000e6300000, 0x00000000e6400000|  0%| F|  |TAMS 0x00000000e6300000, 0x00000000e6300000| Untracked 
| 100|0x00000000e6400000, 0x00000000e6400000, 0x00000000e6500000|  0%| F|  |TAMS 0x00000000e6400000, 0x00000000e6400000| Untracked 
| 101|0x00000000e6500000, 0x00000000e6500000, 0x00000000e6600000|  0%| F|  |TAMS 0x00000000e6500000, 0x00000000e6500000| Untracked 
| 102|0x00000000e6600000, 0x00000000e6600000, 0x00000000e6700000|  0%| F|  |TAMS 0x00000000e6600000, 0x00000000e6600000| Untracked 
| 103|0x00000000e6700000, 0x00000000e6700000, 0x00000000e6800000|  0%| F|  |TAMS 0x00000000e6700000, 0x00000000e6700000| Untracked 
| 104|0x00000000e6800000, 0x00000000e6800000, 0x00000000e6900000|  0%| F|  |TAMS 0x00000000e6800000, 0x00000000e6800000| Untracked 
| 105|0x00000000e6900000, 0x00000000e6900000, 0x00000000e6a00000|  0%| F|  |TAMS 0x00000000e6900000, 0x00000000e6900000| Untracked 
| 106|0x00000000e6a00000, 0x00000000e6a00000, 0x00000000e6b00000|  0%| F|  |TAMS 0x00000000e6a00000, 0x00000000e6a00000| Untracked 
| 107|0x00000000e6b00000, 0x00000000e6b00000, 0x00000000e6c00000|  0%| F|  |TAMS 0x00000000e6b00000, 0x00000000e6b00000| Untracked 
| 108|0x00000000e6c00000, 0x00000000e6c00000, 0x00000000e6d00000|  0%| F|  |TAMS 0x00000000e6c00000, 0x00000000e6c00000| Untracked 
| 109|0x00000000e6d00000, 0x00000000e6d00000, 0x00000000e6e00000|  0%| F|  |TAMS 0x00000000e6d00000, 0x00000000e6d00000| Untracked 
| 110|0x00000000e6e00000, 0x00000000e6e00000, 0x00000000e6f00000|  0%| F|  |TAMS 0x00000000e6e00000, 0x00000000e6e00000| Untracked 
| 111|0x00000000e6f00000, 0x00000000e6f00000, 0x00000000e7000000|  0%| F|  |TAMS 0x00000000e6f00000, 0x00000000e6f00000| Untracked 
| 112|0x00000000e7000000, 0x00000000e7000000, 0x00000000e7100000|  0%| F|  |TAMS 0x00000000e7000000, 0x00000000e7000000| Untracked 
| 113|0x00000000e7100000, 0x00000000e7100000, 0x00000000e7200000|  0%| F|  |TAMS 0x00000000e7100000, 0x00000000e7100000| Untracked 
| 114|0x00000000e7200000, 0x00000000e7200000, 0x00000000e7300000|  0%| F|  |TAMS 0x00000000e7200000, 0x00000000e7200000| Untracked 
| 115|0x00000000e7300000, 0x00000000e7300000, 0x00000000e7400000|  0%| F|  |TAMS 0x00000000e7300000, 0x00000000e7300000| Untracked 
| 116|0x00000000e7400000, 0x00000000e7400000, 0x00000000e7500000|  0%| F|  |TAMS 0x00000000e7400000, 0x00000000e7400000| Untracked 
| 117|0x00000000e7500000, 0x00000000e7500000, 0x00000000e7600000|  0%| F|  |TAMS 0x00000000e7500000, 0x00000000e7500000| Untracked 
| 118|0x00000000e7600000, 0x00000000e7600000, 0x00000000e7700000|  0%| F|  |TAMS 0x00000000e7600000, 0x00000000e7600000| Untracked 
| 119|0x00000000e7700000, 0x00000000e7700000, 0x00000000e7800000|  0%| F|  |TAMS 0x00000000e7700000, 0x00000000e7700000| Untracked 
| 120|0x00000000e7800000, 0x00000000e78e8b38, 0x00000000e7900000| 90%| S|CS|TAMS 0x00000000e7800000, 0x00000000e7800000| Complete 
| 121|0x00000000e7900000, 0x00000000e7a00000, 0x00000000e7a00000|100%| S|CS|TAMS 0x00000000e7900000, 0x00000000e7900000| Complete 
| 122|0x00000000e7a00000, 0x00000000e7a00000, 0x00000000e7b00000|  0%| F|  |TAMS 0x00000000e7a00000, 0x00000000e7a00000| Untracked 
| 123|0x00000000e7b00000, 0x00000000e7b00000, 0x00000000e7c00000|  0%| F|  |TAMS 0x00000000e7b00000, 0x00000000e7b00000| Untracked 
| 124|0x00000000e7c00000, 0x00000000e7c00000, 0x00000000e7d00000|  0%| F|  |TAMS 0x00000000e7c00000, 0x00000000e7c00000| Untracked 
| 125|0x00000000e7d00000, 0x00000000e7d00000, 0x00000000e7e00000|  0%| F|  |TAMS 0x00000000e7d00000, 0x00000000e7d00000| Untracked 
| 126|0x00000000e7e00000, 0x00000000e7e00000, 0x00000000e7f00000|  0%| F|  |TAMS 0x00000000e7e00000, 0x00000000e7e00000| Untracked 
| 127|0x00000000e7f00000, 0x00000000e7f00000, 0x00000000e8000000|  0%| F|  |TAMS 0x00000000e7f00000, 0x00000000e7f00000| Untracked 

Card table byte_map: [0x0000024118260000,0x0000024118360000] _byte_map_base: 0x0000024117b60000

Marking Bits (Prev, Next): (CMBitMap*) 0x000002417906b2a8, (CMBitMap*) 0x000002417906b2e8
 Prev Bits: [0x0000024118460000, 0x0000024118c60000)
 Next Bits: [0x0000024118c60000, 0x0000024119460000)

Polling page: 0x0000024100000000

Metaspace:

Usage:
  Non-class:      6.19 MB capacity,     6.09 MB ( 98%) used,    93.82 KB (  1%) free+waste,    16.50 KB ( <1%) overhead. 
      Class:    975.00 KB capacity,   856.99 KB ( 88%) used,   106.57 KB ( 11%) free+waste,    11.44 KB (  1%) overhead. 
       Both:      7.15 MB capacity,     6.92 MB ( 97%) used,   200.39 KB (  3%) free+waste,    27.94 KB ( <1%) overhead. 

Virtual space:
  Non-class space:       16.00 MB reserved,       6.25 MB ( 39%) committed 
      Class space:        1.00 GB reserved,       1.00 MB ( <1%) committed 
             Both:        1.02 GB reserved,       7.25 MB ( <1%) committed 

Chunk freelists:
   Non-Class:  58.00 KB
       Class:  17.00 KB
        Both:  75.00 KB

MaxMetaspaceSize: 17179869184.00 GB
CompressedClassSpaceSize: 1.00 GB

CodeHeap 'non-profiled nmethods': size=120000Kb used=166Kb max_used=166Kb free=119833Kb
 bounds [0x00000241101c0000, 0x0000024110430000, 0x00000241176f0000]
CodeHeap 'profiled nmethods': size=120000Kb used=878Kb max_used=878Kb free=119121Kb
 bounds [0x0000024108c90000, 0x0000024108f00000, 0x00000241101c0000]
CodeHeap 'non-nmethods': size=5760Kb used=1237Kb max_used=1251Kb free=4522Kb
 bounds [0x00000241086f0000, 0x0000024108960000, 0x0000024108c90000]
 total_blobs=1465 nmethods=594 adapters=426
 compilation: enabled
              stopped_count=0, restarted_count=0
 full_count=0

Compilation events (20 events):
Event: 0.326 Thread 0x000002411bec5000  586   !   3       javax.swing.UIDefaults::getFromResourceBundle (69 bytes)
Event: 0.326 Thread 0x000002411bec5000 nmethod 586 0x0000024108d67790 code [0x0000024108d67980, 0x0000024108d68258]
Event: 0.326 Thread 0x000002411bec5000  587       3       java.lang.ref.PhantomReference::<init> (7 bytes)
Event: 0.326 Thread 0x000002411bec5000 nmethod 587 0x0000024108d68410 code [0x0000024108d685c0, 0x0000024108d688b8]
Event: 0.327 Thread 0x000002411bec5000  588       3       javax.swing.MultiUIDefaults::get (67 bytes)
Event: 0.327 Thread 0x000002411bec5000 nmethod 588 0x0000024108d68990 code [0x0000024108d68b80, 0x0000024108d69068]
Event: 0.327 Thread 0x000002411bec5000  589       3       java.lang.String::startsWith (7 bytes)
Event: 0.327 Thread 0x000002411bec5000 nmethod 589 0x0000024108d69210 code [0x0000024108d693c0, 0x0000024108d69528]
Event: 0.328 Thread 0x000002411bec5000  590   !   3       java.awt.Component::firePropertyChange (59 bytes)
Event: 0.328 Thread 0x000002411bec5000 nmethod 590 0x0000024108d69610 code [0x0000024108d69840, 0x0000024108d6a578]
Event: 0.328 Thread 0x000002411bec5000  592   !   3       javax.swing.UIManager::maybeInitialize (36 bytes)
Event: 0.328 Thread 0x000002411bec5000 nmethod 592 0x0000024108d6a890 code [0x0000024108d6aa60, 0x0000024108d6ade8]
Event: 0.328 Thread 0x000002411bec5000  591       1       java.awt.Color::getRGB (5 bytes)
Event: 0.328 Thread 0x000002411bec5000 nmethod 591 0x00000241101e9390 code [0x00000241101e9520, 0x00000241101e95f8]
Event: 0.331 Thread 0x000002411bec5000  593       1       java.lang.reflect.Method::getReturnType (5 bytes)
Event: 0.331 Thread 0x000002411bec5000 nmethod 593 0x00000241101e9690 code [0x00000241101e9820, 0x00000241101e98f8]
Event: 0.334 Thread 0x000002411bec5000  594       3       javax.swing.UIManager::getDefaults (10 bytes)
Event: 0.334 Thread 0x000002411bec5000 nmethod 594 0x0000024108d6af90 code [0x0000024108d6b140, 0x0000024108d6b278]
Event: 0.335 Thread 0x000002411bec5000  595       3       java.lang.Class::reflectionData (43 bytes)
Event: 0.335 Thread 0x000002411bec5000 nmethod 595 0x0000024108d6b390 code [0x0000024108d6b560, 0x0000024108d6b998]

GC Heap History (2 events):
Event: 0.335 GC heap before
{Heap before GC invocations=0 (full 0):
 garbage-first heap   total 131072K, used 5120K [0x00000000e0000000, 0x0000000100000000)
  region size 1024K, 6 young (6144K), 0 survivors (0K)
 Metaspace       used 7088K, capacity 7317K, committed 7424K, reserved 1062912K
  class space    used 856K, capacity 975K, committed 1024K, reserved 1048576K
}
Event: 0.392 GC heap after
{Heap after GC invocations=1 (full 0):
 garbage-first heap   total 131072K, used 1954K [0x00000000e0000000, 0x0000000100000000)
  region size 1024K, 2 young (2048K), 2 survivors (2048K)
 Metaspace       used 7088K, capacity 7317K, committed 7424K, reserved 1062912K
  class space    used 856K, capacity 975K, committed 1024K, reserved 1048576K
}

Deoptimization events (4 events):
Event: 0.070 Thread 0x0000024179042800 Uncommon trap: trap_request=0xffffff45 fr.pc=0x00000241101c442c relative=0x000000000000024c
Event: 0.070 Thread 0x0000024179042800 Uncommon trap: reason=unstable_if action=reinterpret pc=0x00000241101c442c method=java.lang.String.hashCode()I @ 13 c2
Event: 0.070 Thread 0x0000024179042800 DEOPT PACKING pc=0x00000241101c442c sp=0x00000046ea6fde70
Event: 0.070 Thread 0x0000024179042800 DEOPT UNPACKING pc=0x000002410873912f sp=0x00000046ea6fde00 mode 2

Classes unloaded (0 events):
No events

Classes redefined (0 events):
No events

Internal exceptions (11 events):
Event: 0.116 Thread 0x0000024179042800 Exception <a 'java/lang/ClassNotFoundException'{0x00000000e7ebec48}: sun/awt/resources/spi/awtProvider> (0x00000000e7ebec48) 
thrown [t:/workspace/open/src/hotspot/share/classfile/systemDictionary.cpp, line 226]
Event: 0.136 Thread 0x0000024179042800 Exception <a 'java/io/FileNotFoundException'{0x00000000e7d13c30}> (0x00000000e7d13c30) 
thrown [t:/workspace/open/src/hotspot/share/prims/jni.cpp, line 599]
Event: 0.141 Thread 0x0000024179042800 Exception <a 'java/io/FileNotFoundException'{0x00000000e7d39f20}> (0x00000000e7d39f20) 
thrown [t:/workspace/open/src/hotspot/share/prims/jni.cpp, line 599]
Event: 0.187 Thread 0x000002411cbed000 Exception <a 'java/lang/NoSuchMethodError'{0x00000000e7df16e8}: 'void java.lang.invoke.DirectMethodHandle$Holder.invokeSpecial(java.lang.Object, java.lang.Object)'> (0x00000000e7df16e8) 
thrown [t:/workspace/open/src/hotspot/share/interpreter/linkResolver.cpp, line 766]
Event: 0.229 Thread 0x000002411cc07800 Exception <a 'java/lang/NoSuchMethodError'{0x00000000e7cee910}: 'java.lang.Object java.lang.invoke.DirectMethodHandle$Holder.invokeStatic(java.lang.Object, int, java.lang.Object, java.lang.Object, java.lang.Object, java.lang.Object)'> (0x00000000e7cee910) 
thrown [t:/workspace/open/src/hotspot/share/interpreter/linkResolver.cpp, line 766]
Event: 0.230 Thread 0x000002411cc07800 Exception <a 'java/lang/NoSuchMethodError'{0x00000000e7cf5230}: 'java.lang.Object java.lang.invoke.DirectMethodHandle$Holder.invokeStatic(java.lang.Object, int, java.lang.Object, java.lang.Object, java.lang.Object)'> (0x00000000e7cf5230) 
thrown [t:/workspace/open/src/hotspot/share/interpreter/linkResolver.cpp, line 766]
Event: 0.230 Thread 0x000002411cc07800 Exception <a 'java/lang/NoSuchMethodError'{0x00000000e7cf8a80}: 'java.lang.Object java.lang.invoke.DirectMethodHandle$Holder.invokeSpecial(java.lang.Object, java.lang.Object, int, java.lang.Object, java.lang.Object, java.lang.Object)'> (0x00000000e7cf8a80) 
thrown [t:/workspace/open/src/hotspot/share/interpreter/linkResolver.cpp, line 766]
Event: 0.232 Thread 0x000002411cc07800 Exception <a 'java/lang/NoSuchMethodError'{0x00000000e7b0f2e8}: 'java.lang.Object java.lang.invoke.DirectMethodHandle$Holder.invokeStatic(java.lang.Object, int, java.lang.Object)'> (0x00000000e7b0f2e8) 
thrown [t:/workspace/open/src/hotspot/share/interpreter/linkResolver.cpp, line 766]
Event: 0.247 Thread 0x000002411cc07800 Exception <a 'java/lang/ClassNotFoundException'{0x00000000e7bb29f0}: com/sun/swing/internal/plaf/metal/resources/spi/metalProvider> (0x00000000e7bb29f0) 
thrown [t:/workspace/open/src/hotspot/share/classfile/systemDictionary.cpp, line 226]
Event: 0.248 Thread 0x000002411cc07800 Exception <a 'java/lang/ClassNotFoundException'{0x00000000e7bb6ab8}: com/sun/swing/internal/plaf/basic/resources/spi/basicProvider> (0x00000000e7bb6ab8) 
thrown [t:/workspace/open/src/hotspot/share/classfile/systemDictionary.cpp, line 226]
Event: 0.312 Thread 0x000002411cc07800 Exception <a 'java/lang/NoSuchMethodError'{0x00000000e7a3f5b8}: 'void java.lang.invoke.DirectMethodHandle$Holder.invokeStaticInit(java.lang.Object)'> (0x00000000e7a3f5b8) 
thrown [t:/workspace/open/src/hotspot/share/interpreter/linkResolver.cpp, line 766]

Events (20 events):
Event: 0.333 loading class javax/swing/DefaultListSelectionModel done
Event: 0.333 loading class java/util/BitSet
Event: 0.333 loading class java/util/BitSet done
Event: 0.333 loading class javax/swing/plaf/basic/BasicListUI
Event: 0.334 loading class javax/swing/plaf/ListUI
Event: 0.334 loading class javax/swing/plaf/ListUI done
Event: 0.334 loading class javax/swing/plaf/basic/BasicListUI done
Event: 0.334 loading class javax/swing/plaf/basic/BasicListUI$ListTransferHandler
Event: 0.334 loading class javax/swing/plaf/basic/BasicListUI$ListTransferHandler done
Event: 0.334 loading class javax/swing/DefaultListCellRenderer$UIResource
Event: 0.334 loading class javax/swing/DefaultListCellRenderer
Event: 0.334 loading class javax/swing/ListCellRenderer
Event: 0.334 loading class javax/swing/ListCellRenderer done
Event: 0.334 loading class javax/swing/DefaultListCellRenderer done
Event: 0.334 loading class javax/swing/DefaultListCellRenderer$UIResource done
Event: 0.335 loading class javax/swing/plaf/basic/BasicListUI$Handler
Event: 0.335 loading class javax/swing/event/ListSelectionListener
Event: 0.335 loading class javax/swing/event/ListSelectionListener done
Event: 0.335 loading class javax/swing/plaf/basic/BasicListUI$Handler done
Event: 0.335 Executing VM operation: CollectForMetadataAllocation


Dynamic libraries:
0x00007ff647000000 - 0x00007ff64700f000 	C:\Program Files\Java\jdk-14\bin\javaw.exe
0x00007ffdf9880000 - 0x00007ffdf9a70000 	C:\WINDOWS\SYSTEM32\ntdll.dll
0x00007ffdf8490000 - 0x00007ffdf8542000 	C:\WINDOWS\System32\KERNEL32.DLL
0x00007ffdf7280000 - 0x00007ffdf7523000 	C:\WINDOWS\System32\KERNELBASE.dll
0x00007ffdf6810000 - 0x00007ffdf690a000 	C:\WINDOWS\System32\ucrtbase.dll
0x00007ffde8e10000 - 0x00007ffde8e25000 	C:\Program Files\Java\jdk-14\bin\VCRUNTIME140.dll
0x00007ffde8df0000 - 0x00007ffde8e08000 	C:\Program Files\Java\jdk-14\bin\jli.dll
0x00007ffdf96b0000 - 0x00007ffdf9753000 	C:\WINDOWS\System32\ADVAPI32.dll
0x00007ffdf8ce0000 - 0x00007ffdf8d7e000 	C:\WINDOWS\System32\msvcrt.dll
0x00007ffdf9610000 - 0x00007ffdf96a7000 	C:\WINDOWS\System32\sechost.dll
0x00007ffdf87a0000 - 0x00007ffdf88c0000 	C:\WINDOWS\System32\RPCRT4.dll
0x00007ffdf8930000 - 0x00007ffdf8ac4000 	C:\WINDOWS\System32\USER32.dll
0x00007ffdf7100000 - 0x00007ffdf7121000 	C:\WINDOWS\System32\win32u.dll
0x00007ffdf9810000 - 0x00007ffdf9836000 	C:\WINDOWS\System32\GDI32.dll
0x00007ffde75d0000 - 0x00007ffde7855000 	C:\WINDOWS\WinSxS\amd64_microsoft.windows.common-controls_6595b64144ccf1df_6.0.18362.778_none_e6c6b761130d4fb8\COMCTL32.dll
0x00007ffdf75e0000 - 0x00007ffdf7774000 	C:\WINDOWS\System32\gdi32full.dll
0x00007ffdf7780000 - 0x00007ffdf781e000 	C:\WINDOWS\System32\msvcp_win.dll
0x00007ffdf8d80000 - 0x00007ffdf90b6000 	C:\WINDOWS\System32\combase.dll
0x00007ffdf7560000 - 0x00007ffdf75e0000 	C:\WINDOWS\System32\bcryptPrimitives.dll
0x00007ffde9340000 - 0x00007ffde934a000 	C:\WINDOWS\SYSTEM32\VERSION.dll
0x00007ffdf8770000 - 0x00007ffdf879e000 	C:\WINDOWS\System32\IMM32.DLL
0x00007ffdcaff0000 - 0x00007ffdcb08b000 	C:\Program Files\Java\jdk-14\bin\msvcp140.dll
0x00007ffdb7870000 - 0x00007ffdb838f000 	C:\Program Files\Java\jdk-14\bin\server\jvm.dll
0x00007ffdf7d80000 - 0x00007ffdf7d88000 	C:\WINDOWS\System32\PSAPI.DLL
0x00007ffdf1870000 - 0x00007ffdf1894000 	C:\WINDOWS\SYSTEM32\WINMM.dll
0x00007ffdf1840000 - 0x00007ffdf186d000 	C:\WINDOWS\SYSTEM32\winmmbase.dll
0x00007ffdf70b0000 - 0x00007ffdf70fa000 	C:\WINDOWS\System32\cfgmgr32.dll
0x00007ffde6340000 - 0x00007ffde6349000 	C:\WINDOWS\SYSTEM32\WSOCK32.dll
0x00007ffdf88c0000 - 0x00007ffdf892f000 	C:\WINDOWS\System32\WS2_32.dll
0x00007ffdf6770000 - 0x00007ffdf6781000 	C:\WINDOWS\System32\kernel.appcore.dll
0x00007ffdf2930000 - 0x00007ffdf293a000 	C:\Program Files\Java\jdk-14\bin\jimage.dll
0x00007ffdf5050000 - 0x00007ffdf5244000 	C:\WINDOWS\SYSTEM32\DBGHELP.DLL
0x00007ffde5e90000 - 0x00007ffde5eba000 	C:\WINDOWS\SYSTEM32\dbgcore.DLL
0x00007ffdf1250000 - 0x00007ffdf1275000 	C:\Program Files\Java\jdk-14\bin\java.dll
0x00007ffdeea70000 - 0x00007ffdeea87000 	C:\Program Files\Java\jdk-14\bin\zip.dll
0x00007ffdf7d90000 - 0x00007ffdf8475000 	C:\WINDOWS\System32\SHELL32.dll
0x00007ffdf9760000 - 0x00007ffdf9809000 	C:\WINDOWS\System32\shcore.dll
0x00007ffdf6910000 - 0x00007ffdf7090000 	C:\WINDOWS\System32\windows.storage.dll
0x00007ffdf6790000 - 0x00007ffdf67b3000 	C:\WINDOWS\System32\profapi.dll
0x00007ffdf67c0000 - 0x00007ffdf680a000 	C:\WINDOWS\System32\powrprof.dll
0x00007ffdf6740000 - 0x00007ffdf6750000 	C:\WINDOWS\System32\UMPDC.dll
0x00007ffdf90c0000 - 0x00007ffdf9112000 	C:\WINDOWS\System32\shlwapi.dll
0x00007ffdf7090000 - 0x00007ffdf70a7000 	C:\WINDOWS\System32\cryptsp.dll
0x00007ffdee520000 - 0x00007ffdee539000 	C:\Program Files\Java\jdk-14\bin\net.dll
0x00007ffde6d40000 - 0x00007ffde6e30000 	C:\WINDOWS\SYSTEM32\WINHTTP.dll
0x00007ffdf5fb0000 - 0x00007ffdf6017000 	C:\WINDOWS\system32\mswsock.dll
0x00007ffdee500000 - 0x00007ffdee512000 	C:\Program Files\Java\jdk-14\bin\nio.dll
0x00007ffdb4320000 - 0x00007ffdb44b8000 	C:\Program Files\Java\jdk-14\bin\awt.dll
0x00007ffdf8630000 - 0x00007ffdf86f4000 	C:\WINDOWS\System32\OLEAUT32.dll
0x00007ffdf3de0000 - 0x00007ffdf3e6f000 	C:\WINDOWS\SYSTEM32\apphelp.dll
0x00007ffdf4010000 - 0x00007ffdf40a9000 	C:\WINDOWS\system32\uxtheme.dll
0x00007ffdf7930000 - 0x00007ffdf7a66000 	C:\WINDOWS\System32\MSCTF.dll
0x00007ffdf7c20000 - 0x00007ffdf7d77000 	C:\WINDOWS\System32\ole32.dll
0x00007ffdf4b30000 - 0x00007ffdf4b5d000 	C:\WINDOWS\system32\DWMAPI.DLL
0x00007ffde5480000 - 0x00007ffde55d6000 	C:\WINDOWS\system32\opengl32.dll
0x00007ffde5d60000 - 0x00007ffde5d8c000 	C:\WINDOWS\SYSTEM32\GLU32.dll
0x00007ffdf53b0000 - 0x00007ffdf53d0000 	C:\WINDOWS\SYSTEM32\dxcore.dll
0x00007ffdbb190000 - 0x00007ffdbb212000 	C:\Program Files\Java\jdk-14\bin\freetype.dll
0x00007ffdda2d0000 - 0x00007ffdda376000 	C:\Program Files\Java\jdk-14\bin\fontmanager.dll

dbghelp: loaded successfully - version: 4.0.5 - missing functions: none
symbol engine: initialized successfully - sym options: 0x614 - pdb path: .;C:\Program Files\Java\jdk-14\bin;C:\WINDOWS\SYSTEM32;C:\WINDOWS\WinSxS\amd64_microsoft.windows.common-controls_6595b64144ccf1df_6.0.18362.778_none_e6c6b761130d4fb8;C:\Program Files\Java\jdk-14\bin\server

VM Arguments:
jvm_args: -Dfile.encoding=Cp1252 -Xmx512M 
java_command: studentregister
java_class_path (initial): C:\Users\admin\eclipse-workspace\miniproject2\bin;C:\Program Files (x86)\MySQL\Connector J 8.0\mysql-connector-java-8.0.19.jar;D:\PlaceHolder.jar;C:\Users\admin\eclipse-workspace\miniproject2\miglayout15-swing.jar;C:\Program Files\Java\jre1.8.0_241\lib\ext\Java Mal Api\dsn.jar;C:\Program Files\Java\jre1.8.0_241\lib\ext\Java Mal Api\gimap.jar;C:\Program Files\Java\jre1.8.0_241\lib\ext\Java Mal Api\imap.jar;C:\Program Files\Java\jre1.8.0_241\lib\ext\Java Mal Api\javax.mail.jar;C:\Program Files\Java\jre1.8.0_241\lib\ext\Java Mal Api\mail.jar;C:\Program Files\Java\jre1.8.0_241\lib\ext\Java Mal Api\mailapi.jar;C:\Program Files\Java\jre1.8.0_241\lib\ext\Java Mal Api\pop3.jar;C:\Program Files\Java\jre1.8.0_241\lib\ext\Java Mal Api\smtp.jar;D:\email_lib\mailactivation\activation.jar;D:\email_lib\mailactivation\mail.jar;D:\email_lib\mailactivation\techsoftemail.jar
Launcher Type: SUN_STANDARD

[Global flags]
     intx CICompilerCount                          = 4                                         {product} {ergonomic}
     uint ConcGCThreads                            = 2                                         {product} {ergonomic}
     uint G1ConcRefinementThreads                  = 8                                         {product} {ergonomic}
   size_t G1HeapRegionSize                         = 1048576                                   {product} {ergonomic}
    uintx GCDrainStackTargetSize                   = 64                                        {product} {ergonomic}
   size_t InitialHeapSize                          = 134217728                                 {product} {ergonomic}
   size_t MarkStackSize                            = 4194304                                   {product} {ergonomic}
   size_t MaxHeapSize                              = 536870912                                 {product} {command line}
   size_t MaxNewSize                               = 321912832                                 {product} {ergonomic}
   size_t MinHeapDeltaBytes                        = 1048576                                   {product} {ergonomic}
   size_t MinHeapSize                              = 8388608                                   {product} {ergonomic}
    uintx NonNMethodCodeHeapSize                   = 5839372                                {pd product} {ergonomic}
    uintx NonProfiledCodeHeapSize                  = 122909434                              {pd product} {ergonomic}
    uintx ProfiledCodeHeapSize                     = 122909434                              {pd product} {ergonomic}
    uintx ReservedCodeCacheSize                    = 251658240                              {pd product} {ergonomic}
     bool SegmentedCodeCache                       = true                                      {product} {ergonomic}
   size_t SoftMaxHeapSize                          = 536870912                              {manageable} {ergonomic}
     bool UseCompressedClassPointers               = true                                 {lp64_product} {ergonomic}
     bool UseCompressedOops                        = true                                 {lp64_product} {ergonomic}
     bool UseG1GC                                  = true                                      {product} {ergonomic}
     bool UseLargePagesIndividualAllocation        = false                                  {pd product} {ergonomic}

Logging:
Log output configuration:
 #0: stdout all=warning uptime,level,tags
 #1: stderr all=off uptime,level,tags

Environment Variables:
JAVA_HOME=JAVA_HOME/bin
_JAVA_OPTIONS=-Xmx512M
CLASSPATH=C:\mysql-connector-java-8.0.19.jar;C:\Program Files\Java\jre1.8.0_241\lib\ext\Java Mal Api\mail.jar;C:\Program Files\Java\jre1.8.0_241\lib\ext\Java Mal Api\smtp.jar;C:\Program Files\Java\jre1.8.0_241\lib\ext\Java Mal Api\mailapi;
PATH=C:/Program Files/Java/jdk-14/bin/server;C:/Program Files/Java/jdk-14/bin;C:\Program Files\Java\jdk-14\bin;C:\Program Files\Java\jre1.8.0_241\bin;C:\Program Files\Calibre2\;C:\Program Files\MySQL\MySQL Shell 8.0\bin\;C:\Program Files\MySQL\MySQL Shell 8.0\bin;C:\Users\admin\AppData\Local\Programs\Microsoft VS Code\bin;C:\Users\admin\AppData\Local\Microsoft\WindowsApps;C:\Program Files\Java\jdk1.8.0_231\bin;C:\Program Files\Java\jdk1.8.0_231\jre\bin;;C:\WINDOWS\system32;
USERNAME=admin
OS=Windows_NT
PROCESSOR_IDENTIFIER=Intel64 Family 6 Model 142 Stepping 10, GenuineIntel



---------------  S Y S T E M  ---------------

OS: Windows 10 , 64 bit Build 18362 (10.0.18362.778)
OS uptime: 0 days 3:40 hours

CPU:total 8 (initial active 8) (4 cores per cpu, 2 threads per core) family 6 model 142 stepping 10, cmov, cx8, fxsr, mmx, sse, sse2, sse3, ssse3, sse4.1, sse4.2, popcnt, avx, avx2, aes, clmul, erms, 3dnowpref, lzcnt, ht, tsc, tscinvbit, bmi1, bmi2, adx, fma

Memory: 4k page, system-wide physical 8089M (1662M free)
TotalPageFile size 32665M (AvailPageFile size 1M)
current process WorkingSet (physical memory assigned to process): 51M, peak: 51M
current process commit charge ("private bytes"): 221M, peak: 222M

vm_info: Java HotSpot(TM) 64-Bit Server VM (14+36-1461) for windows-amd64 JRE (14+36-1461), built on Feb  6 2020 19:08:04 by "mach5one" with MS VC++ 15.9 (VS2017)

END.
