#
# There is insufficient memory for the Java Runtime Environment to continue.
# Native memory allocation (malloc) failed to allocate 32744 bytes for ChunkPool::allocate
# Possible reasons:
#   The system is out of physical RAM or swap space
#   The process is running with CompressedOops enabled, and the Java Heap may be blocking the growth of the native heap
# Possible solutions:
#   Reduce memory load on the system
#   Increase physical memory or swap space
#   Check if swap backing store is full
#   Decrease Java heap size (-Xmx/-Xms)
#   Decrease number of Java threads
#   Decrease Java thread stack sizes (-Xss)
#   Set larger code cache with -XX:ReservedCodeCacheSize=
#   JVM is running with Unscaled Compressed Oops mode in which the Java heap is
#     placed in the first 4GB address space. The Java Heap base address is the
#     maximum limit for the native heap growth. Please use -XX:HeapBaseMinAddress
#     to set the Java Heap base and to place the Java Heap above 4GB virtual address.
# This output file may be truncated or incomplete.
#
#  Out of Memory Error (t:/workspace/open/src/hotspot/share/memory/arena.cpp:79), pid=14240, tid=14936
#
# JRE version: Java(TM) SE Runtime Environment (14.0+36) (build 14+36-1461)
# Java VM: Java HotSpot(TM) 64-Bit Server VM (14+36-1461, mixed mode, sharing, tiered, compressed oops, g1 gc, windows-amd64)
# No core dump will be written. Minidumps are not enabled by default on client versions of Windows
#

---------------  S U M M A R Y ------------

Command Line: --module-path=C:\Program Files\javafx-sdk-14\lib --add-modules=javafx.controls,javafx.fxml -Dfile.encoding=Cp1252 -Xmx512M facedetection

Host: Intel(R) Core(TM) i5-8250U CPU @ 1.60GHz, 8 cores, 7G,  Windows 10 , 64 bit Build 18362 (10.0.18362.778)
Time: Mon May 11 18:45:10 2020 India Standard Time elapsed time: 0 seconds (0d 0h 0m 0s)

---------------  T H R E A D  ---------------

Current thread (0x000001d74db56800):  JavaThread "C2 CompilerThread0" daemon [_thread_in_vm, id=14936, stack(0x00000072c1f00000,0x00000072c2000000)]

Stack: [0x00000072c1f00000,0x00000072c2000000]
Native frames: (J=compiled Java code, j=interpreted, Vv=VM code, C=native code)
V  [jvm.dll+0x5f83ea]
V  [jvm.dll+0x741e2a]
V  [jvm.dll+0x7435df]
V  [jvm.dll+0x743c23]
V  [jvm.dll+0x20d268]
V  [jvm.dll+0xabea6]
V  [jvm.dll+0xac1fc]
V  [jvm.dll+0x1e68f7]
V  [jvm.dll+0x1e41c7]
V  [jvm.dll+0x654c7a]
V  [jvm.dll+0x654824]
V  [jvm.dll+0x177c1e]
V  [jvm.dll+0x1f3135]
V  [jvm.dll+0x1f2162]
V  [jvm.dll+0x706a7d]
V  [jvm.dll+0x6ff89a]
V  [jvm.dll+0x5f72a6]
C  [ucrtbase.dll+0x20e72]
C  [KERNEL32.DLL+0x17bd4]
C  [ntdll.dll+0x6ce51]


---------------  P R O C E S S  ---------------

Threads class SMR info:
_java_thread_list=0x000001d74db4a900, length=9, elements={
0x000001d73041d800, 0x000001d74db31000, 0x000001d74db32000, 0x000001d74db4d000,
0x000001d74db50000, 0x000001d74db52000, 0x000001d74db56800, 0x000001d74db5a800,
0x000001d74db62000
}

Java Threads: ( => current thread )
  0x000001d73041d800 JavaThread "main" [_thread_in_vm, id=4276, stack(0x00000072c1300000,0x00000072c1400000)]
  0x000001d74db31000 JavaThread "Reference Handler" daemon [_thread_blocked, id=9040, stack(0x00000072c1a00000,0x00000072c1b00000)]
  0x000001d74db32000 JavaThread "Finalizer" daemon [_thread_blocked, id=11664, stack(0x00000072c1b00000,0x00000072c1c00000)]
  0x000001d74db4d000 JavaThread "Signal Dispatcher" daemon [_thread_blocked, id=16040, stack(0x00000072c1c00000,0x00000072c1d00000)]
  0x000001d74db50000 JavaThread "Attach Listener" daemon [_thread_blocked, id=13760, stack(0x00000072c1d00000,0x00000072c1e00000)]
  0x000001d74db52000 JavaThread "Service Thread" daemon [_thread_blocked, id=14320, stack(0x00000072c1e00000,0x00000072c1f00000)]
=>0x000001d74db56800 JavaThread "C2 CompilerThread0" daemon [_thread_in_vm, id=14936, stack(0x00000072c1f00000,0x00000072c2000000)]
  0x000001d74db5a800 JavaThread "C1 CompilerThread0" daemon [_thread_in_native, id=2672, stack(0x00000072c2000000,0x00000072c2100000)]
  0x000001d74db62000 JavaThread "Sweeper thread" daemon [_thread_blocked, id=16748, stack(0x00000072c2100000,0x00000072c2200000)]

Other Threads:
  0x000001d74db2b000 VMThread "VM Thread" [stack: 0x00000072c1900000,0x00000072c1a00000] [id=15868]
  0x000001d730446000 GCTaskThread "GC Thread#0" [stack: 0x00000072c1400000,0x00000072c1500000] [id=2456]
  0x000001d73044b800 ConcurrentGCThread "G1 Main Marker" [stack: 0x00000072c1500000,0x00000072c1600000] [id=14060]
  0x000001d73044d800 ConcurrentGCThread "G1 Conc#0" [stack: 0x00000072c1600000,0x00000072c1700000] [id=7684]
  0x000001d7304e5800 ConcurrentGCThread "G1 Refine#0" [stack: 0x00000072c1700000,0x00000072c1800000] [id=3612]
  0x000001d7304e7000 ConcurrentGCThread "G1 Young RemSet Sampling" [stack: 0x00000072c1800000,0x00000072c1900000] [id=12808]

Threads with active compile tasks:
C1 CompilerThread0      363    2       3       java.lang.String::charAt (25 bytes)

VM state:not at safepoint (normal execution)

VM Mutex/Monitor currently owned by a thread: None

Heap address: 0x00000000e0000000, size: 512 MB, Compressed Oops mode: 32-bit
Narrow klass base: 0x0000000800000000, Narrow klass shift: 3
Compressed class space size: 1073741824 Address: 0x0000000800b30000

Heap:
 garbage-first heap   total 131072K, used 0K [0x00000000e0000000, 0x0000000100000000)
  region size 1024K, 1 young (1024K), 0 survivors (0K)
 Metaspace       used 78K, capacity 464K, committed 640K, reserved 1060864K
  class space    used 5K, capacity 384K, committed 384K, reserved 1048576K
Heap Regions: E=young(eden), S=young(survivor), O=old, HS=humongous(starts), HC=humongous(continues), CS=collection set, F=free, OA=open archive, CA=closed archive, TAMS=top-at-mark-start (previous, next)
|   0|0x00000000e0000000, 0x00000000e0000000, 0x00000000e0100000|  0%| F|  |TAMS 0x00000000e0000000, 0x00000000e0000000| Untracked 
|   1|0x00000000e0100000, 0x00000000e0100000, 0x00000000e0200000|  0%| F|  |TAMS 0x00000000e0100000, 0x00000000e0100000| Untracked 
|   2|0x00000000e0200000, 0x00000000e0200000, 0x00000000e0300000|  0%| F|  |TAMS 0x00000000e0200000, 0x00000000e0200000| Untracked 
|   3|0x00000000e0300000, 0x00000000e0300000, 0x00000000e0400000|  0%| F|  |TAMS 0x00000000e0300000, 0x00000000e0300000| Untracked 
|   4|0x00000000e0400000, 0x00000000e0400000, 0x00000000e0500000|  0%| F|  |TAMS 0x00000000e0400000, 0x00000000e0400000| Untracked 
|   5|0x00000000e0500000, 0x00000000e0500000, 0x00000000e0600000|  0%| F|  |TAMS 0x00000000e0500000, 0x00000000e0500000| Untracked 
|   6|0x00000000e0600000, 0x00000000e0600000, 0x00000000e0700000|  0%| F|  |TAMS 0x00000000e0600000, 0x00000000e0600000| Untracked 
|   7|0x00000000e0700000, 0x00000000e0700000, 0x00000000e0800000|  0%| F|  |TAMS 0x00000000e0700000, 0x00000000e0700000| Untracked 
|   8|0x00000000e0800000, 0x00000000e0800000, 0x00000000e0900000|  0%| F|  |TAMS 0x00000000e0800000, 0x00000000e0800000| Untracked 
|   9|0x00000000e0900000, 0x00000000e0900000, 0x00000000e0a00000|  0%| F|  |TAMS 0x00000000e0900000, 0x00000000e0900000| Untracked 
|  10|0x00000000e0a00000, 0x00000000e0a00000, 0x00000000e0b00000|  0%| F|  |TAMS 0x00000000e0a00000, 0x00000000e0a00000| Untracked 
|  11|0x00000000e0b00000, 0x00000000e0b00000, 0x00000000e0c00000|  0%| F|  |TAMS 0x00000000e0b00000, 0x00000000e0b00000| Untracked 
|  12|0x00000000e0c00000, 0x00000000e0c00000, 0x00000000e0d00000|  0%| F|  |TAMS 0x00000000e0c00000, 0x00000000e0c00000| Untracked 
|  13|0x00000000e0d00000, 0x00000000e0d00000, 0x00000000e0e00000|  0%| F|  |TAMS 0x00000000e0d00000, 0x00000000e0d00000| Untracked 
|  14|0x00000000e0e00000, 0x00000000e0e00000, 0x00000000e0f00000|  0%| F|  |TAMS 0x00000000e0e00000, 0x00000000e0e00000| Untracked 
|  15|0x00000000e0f00000, 0x00000000e0f00000, 0x00000000e1000000|  0%| F|  |TAMS 0x00000000e0f00000, 0x00000000e0f00000| Untracked 
|  16|0x00000000e1000000, 0x00000000e1000000, 0x00000000e1100000|  0%| F|  |TAMS 0x00000000e1000000, 0x00000000e1000000| Untracked 
|  17|0x00000000e1100000, 0x00000000e1100000, 0x00000000e1200000|  0%| F|  |TAMS 0x00000000e1100000, 0x00000000e1100000| Untracked 
|  18|0x00000000e1200000, 0x00000000e1200000, 0x00000000e1300000|  0%| F|  |TAMS 0x00000000e1200000, 0x00000000e1200000| Untracked 
|  19|0x00000000e1300000, 0x00000000e1300000, 0x00000000e1400000|  0%| F|  |TAMS 0x00000000e1300000, 0x00000000e1300000| Untracked 
|  20|0x00000000e1400000, 0x00000000e1400000, 0x00000000e1500000|  0%| F|  |TAMS 0x00000000e1400000, 0x00000000e1400000| Untracked 
|  21|0x00000000e1500000, 0x00000000e1500000, 0x00000000e1600000|  0%| F|  |TAMS 0x00000000e1500000, 0x00000000e1500000| Untracked 
|  22|0x00000000e1600000, 0x00000000e1600000, 0x00000000e1700000|  0%| F|  |TAMS 0x00000000e1600000, 0x00000000e1600000| Untracked 
|  23|0x00000000e1700000, 0x00000000e1700000, 0x00000000e1800000|  0%| F|  |TAMS 0x00000000e1700000, 0x00000000e1700000| Untracked 
|  24|0x00000000e1800000, 0x00000000e1800000, 0x00000000e1900000|  0%| F|  |TAMS 0x00000000e1800000, 0x00000000e1800000| Untracked 
|  25|0x00000000e1900000, 0x00000000e1900000, 0x00000000e1a00000|  0%| F|  |TAMS 0x00000000e1900000, 0x00000000e1900000| Untracked 
|  26|0x00000000e1a00000, 0x00000000e1a00000, 0x00000000e1b00000|  0%| F|  |TAMS 0x00000000e1a00000, 0x00000000e1a00000| Untracked 
|  27|0x00000000e1b00000, 0x00000000e1b00000, 0x00000000e1c00000|  0%| F|  |TAMS 0x00000000e1b00000, 0x00000000e1b00000| Untracked 
|  28|0x00000000e1c00000, 0x00000000e1c00000, 0x00000000e1d00000|  0%| F|  |TAMS 0x00000000e1c00000, 0x00000000e1c00000| Untracked 
|  29|0x00000000e1d00000, 0x00000000e1d00000, 0x00000000e1e00000|  0%| F|  |TAMS 0x00000000e1d00000, 0x00000000e1d00000| Untracked 
|  30|0x00000000e1e00000, 0x00000000e1e00000, 0x00000000e1f00000|  0%| F|  |TAMS 0x00000000e1e00000, 0x00000000e1e00000| Untracked 
|  31|0x00000000e1f00000, 0x00000000e1f00000, 0x00000000e2000000|  0%| F|  |TAMS 0x00000000e1f00000, 0x00000000e1f00000| Untracked 
|  32|0x00000000e2000000, 0x00000000e2000000, 0x00000000e2100000|  0%| F|  |TAMS 0x00000000e2000000, 0x00000000e2000000| Untracked 
|  33|0x00000000e2100000, 0x00000000e2100000, 0x00000000e2200000|  0%| F|  |TAMS 0x00000000e2100000, 0x00000000e2100000| Untracked 
|  34|0x00000000e2200000, 0x00000000e2200000, 0x00000000e2300000|  0%| F|  |TAMS 0x00000000e2200000, 0x00000000e2200000| Untracked 
|  35|0x00000000e2300000, 0x00000000e2300000, 0x00000000e2400000|  0%| F|  |TAMS 0x00000000e2300000, 0x00000000e2300000| Untracked 
|  36|0x00000000e2400000, 0x00000000e2400000, 0x00000000e2500000|  0%| F|  |TAMS 0x00000000e2400000, 0x00000000e2400000| Untracked 
|  37|0x00000000e2500000, 0x00000000e2500000, 0x00000000e2600000|  0%| F|  |TAMS 0x00000000e2500000, 0x00000000e2500000| Untracked 
|  38|0x00000000e2600000, 0x00000000e2600000, 0x00000000e2700000|  0%| F|  |TAMS 0x00000000e2600000, 0x00000000e2600000| Untracked 
|  39|0x00000000e2700000, 0x00000000e2700000, 0x00000000e2800000|  0%| F|  |TAMS 0x00000000e2700000, 0x00000000e2700000| Untracked 
|  40|0x00000000e2800000, 0x00000000e2800000, 0x00000000e2900000|  0%| F|  |TAMS 0x00000000e2800000, 0x00000000e2800000| Untracked 
|  41|0x00000000e2900000, 0x00000000e2900000, 0x00000000e2a00000|  0%| F|  |TAMS 0x00000000e2900000, 0x00000000e2900000| Untracked 
|  42|0x00000000e2a00000, 0x00000000e2a00000, 0x00000000e2b00000|  0%| F|  |TAMS 0x00000000e2a00000, 0x00000000e2a00000| Untracked 
|  43|0x00000000e2b00000, 0x00000000e2b00000, 0x00000000e2c00000|  0%| F|  |TAMS 0x00000000e2b00000, 0x00000000e2b00000| Untracked 
|  44|0x00000000e2c00000, 0x00000000e2c00000, 0x00000000e2d00000|  0%| F|  |TAMS 0x00000000e2c00000, 0x00000000e2c00000| Untracked 
|  45|0x00000000e2d00000, 0x00000000e2d00000, 0x00000000e2e00000|  0%| F|  |TAMS 0x00000000e2d00000, 0x00000000e2d00000| Untracked 
|  46|0x00000000e2e00000, 0x00000000e2e00000, 0x00000000e2f00000|  0%| F|  |TAMS 0x00000000e2e00000, 0x00000000e2e00000| Untracked 
|  47|0x00000000e2f00000, 0x00000000e2f00000, 0x00000000e3000000|  0%| F|  |TAMS 0x00000000e2f00000, 0x00000000e2f00000| Untracked 
|  48|0x00000000e3000000, 0x00000000e3000000, 0x00000000e3100000|  0%| F|  |TAMS 0x00000000e3000000, 0x00000000e3000000| Untracked 
|  49|0x00000000e3100000, 0x00000000e3100000, 0x00000000e3200000|  0%| F|  |TAMS 0x00000000e3100000, 0x00000000e3100000| Untracked 
|  50|0x00000000e3200000, 0x00000000e3200000, 0x00000000e3300000|  0%| F|  |TAMS 0x00000000e3200000, 0x00000000e3200000| Untracked 
|  51|0x00000000e3300000, 0x00000000e3300000, 0x00000000e3400000|  0%| F|  |TAMS 0x00000000e3300000, 0x00000000e3300000| Untracked 
|  52|0x00000000e3400000, 0x00000000e3400000, 0x00000000e3500000|  0%| F|  |TAMS 0x00000000e3400000, 0x00000000e3400000| Untracked 
|  53|0x00000000e3500000, 0x00000000e3500000, 0x00000000e3600000|  0%| F|  |TAMS 0x00000000e3500000, 0x00000000e3500000| Untracked 
|  54|0x00000000e3600000, 0x00000000e3600000, 0x00000000e3700000|  0%| F|  |TAMS 0x00000000e3600000, 0x00000000e3600000| Untracked 
|  55|0x00000000e3700000, 0x00000000e3700000, 0x00000000e3800000|  0%| F|  |TAMS 0x00000000e3700000, 0x00000000e3700000| Untracked 
|  56|0x00000000e3800000, 0x00000000e3800000, 0x00000000e3900000|  0%| F|  |TAMS 0x00000000e3800000, 0x00000000e3800000| Untracked 
|  57|0x00000000e3900000, 0x00000000e3900000, 0x00000000e3a00000|  0%| F|  |TAMS 0x00000000e3900000, 0x00000000e3900000| Untracked 
|  58|0x00000000e3a00000, 0x00000000e3a00000, 0x00000000e3b00000|  0%| F|  |TAMS 0x00000000e3a00000, 0x00000000e3a00000| Untracked 
|  59|0x00000000e3b00000, 0x00000000e3b00000, 0x00000000e3c00000|  0%| F|  |TAMS 0x00000000e3b00000, 0x00000000e3b00000| Untracked 
|  60|0x00000000e3c00000, 0x00000000e3c00000, 0x00000000e3d00000|  0%| F|  |TAMS 0x00000000e3c00000, 0x00000000e3c00000| Untracked 
|  61|0x00000000e3d00000, 0x00000000e3d00000, 0x00000000e3e00000|  0%| F|  |TAMS 0x00000000e3d00000, 0x00000000e3d00000| Untracked 
|  62|0x00000000e3e00000, 0x00000000e3e00000, 0x00000000e3f00000|  0%| F|  |TAMS 0x00000000e3e00000, 0x00000000e3e00000| Untracked 
|  63|0x00000000e3f00000, 0x00000000e3f00000, 0x00000000e4000000|  0%| F|  |TAMS 0x00000000e3f00000, 0x00000000e3f00000| Untracked 
|  64|0x00000000e4000000, 0x00000000e4000000, 0x00000000e4100000|  0%| F|  |TAMS 0x00000000e4000000, 0x00000000e4000000| Untracked 
|  65|0x00000000e4100000, 0x00000000e4100000, 0x00000000e4200000|  0%| F|  |TAMS 0x00000000e4100000, 0x00000000e4100000| Untracked 
|  66|0x00000000e4200000, 0x00000000e4200000, 0x00000000e4300000|  0%| F|  |TAMS 0x00000000e4200000, 0x00000000e4200000| Untracked 
|  67|0x00000000e4300000, 0x00000000e4300000, 0x00000000e4400000|  0%| F|  |TAMS 0x00000000e4300000, 0x00000000e4300000| Untracked 
|  68|0x00000000e4400000, 0x00000000e4400000, 0x00000000e4500000|  0%| F|  |TAMS 0x00000000e4400000, 0x00000000e4400000| Untracked 
|  69|0x00000000e4500000, 0x00000000e4500000, 0x00000000e4600000|  0%| F|  |TAMS 0x00000000e4500000, 0x00000000e4500000| Untracked 
|  70|0x00000000e4600000, 0x00000000e4600000, 0x00000000e4700000|  0%| F|  |TAMS 0x00000000e4600000, 0x00000000e4600000| Untracked 
|  71|0x00000000e4700000, 0x00000000e4700000, 0x00000000e4800000|  0%| F|  |TAMS 0x00000000e4700000, 0x00000000e4700000| Untracked 
|  72|0x00000000e4800000, 0x00000000e4800000, 0x00000000e4900000|  0%| F|  |TAMS 0x00000000e4800000, 0x00000000e4800000| Untracked 
|  73|0x00000000e4900000, 0x00000000e4900000, 0x00000000e4a00000|  0%| F|  |TAMS 0x00000000e4900000, 0x00000000e4900000| Untracked 
|  74|0x00000000e4a00000, 0x00000000e4a00000, 0x00000000e4b00000|  0%| F|  |TAMS 0x00000000e4a00000, 0x00000000e4a00000| Untracked 
|  75|0x00000000e4b00000, 0x00000000e4b00000, 0x00000000e4c00000|  0%| F|  |TAMS 0x00000000e4b00000, 0x00000000e4b00000| Untracked 
|  76|0x00000000e4c00000, 0x00000000e4c00000, 0x00000000e4d00000|  0%| F|  |TAMS 0x00000000e4c00000, 0x00000000e4c00000| Untracked 
|  77|0x00000000e4d00000, 0x00000000e4d00000, 0x00000000e4e00000|  0%| F|  |TAMS 0x00000000e4d00000, 0x00000000e4d00000| Untracked 
|  78|0x00000000e4e00000, 0x00000000e4e00000, 0x00000000e4f00000|  0%| F|  |TAMS 0x00000000e4e00000, 0x00000000e4e00000| Untracked 
|  79|0x00000000e4f00000, 0x00000000e4f00000, 0x00000000e5000000|  0%| F|  |TAMS 0x00000000e4f00000, 0x00000000e4f00000| Untracked 
|  80|0x00000000e5000000, 0x00000000e5000000, 0x00000000e5100000|  0%| F|  |TAMS 0x00000000e5000000, 0x00000000e5000000| Untracked 
|  81|0x00000000e5100000, 0x00000000e5100000, 0x00000000e5200000|  0%| F|  |TAMS 0x00000000e5100000, 0x00000000e5100000| Untracked 
|  82|0x00000000e5200000, 0x00000000e5200000, 0x00000000e5300000|  0%| F|  |TAMS 0x00000000e5200000, 0x00000000e5200000| Untracked 
|  83|0x00000000e5300000, 0x00000000e5300000, 0x00000000e5400000|  0%| F|  |TAMS 0x00000000e5300000, 0x00000000e5300000| Untracked 
|  84|0x00000000e5400000, 0x00000000e5400000, 0x00000000e5500000|  0%| F|  |TAMS 0x00000000e5400000, 0x00000000e5400000| Untracked 
|  85|0x00000000e5500000, 0x00000000e5500000, 0x00000000e5600000|  0%| F|  |TAMS 0x00000000e5500000, 0x00000000e5500000| Untracked 
|  86|0x00000000e5600000, 0x00000000e5600000, 0x00000000e5700000|  0%| F|  |TAMS 0x00000000e5600000, 0x00000000e5600000| Untracked 
|  87|0x00000000e5700000, 0x00000000e5700000, 0x00000000e5800000|  0%| F|  |TAMS 0x00000000e5700000, 0x00000000e5700000| Untracked 
|  88|0x00000000e5800000, 0x00000000e5800000, 0x00000000e5900000|  0%| F|  |TAMS 0x00000000e5800000, 0x00000000e5800000| Untracked 
|  89|0x00000000e5900000, 0x00000000e5900000, 0x00000000e5a00000|  0%| F|  |TAMS 0x00000000e5900000, 0x00000000e5900000| Untracked 
|  90|0x00000000e5a00000, 0x00000000e5a00000, 0x00000000e5b00000|  0%| F|  |TAMS 0x00000000e5a00000, 0x00000000e5a00000| Untracked 
|  91|0x00000000e5b00000, 0x00000000e5b00000, 0x00000000e5c00000|  0%| F|  |TAMS 0x00000000e5b00000, 0x00000000e5b00000| Untracked 
|  92|0x00000000e5c00000, 0x00000000e5c00000, 0x00000000e5d00000|  0%| F|  |TAMS 0x00000000e5c00000, 0x00000000e5c00000| Untracked 
|  93|0x00000000e5d00000, 0x00000000e5d00000, 0x00000000e5e00000|  0%| F|  |TAMS 0x00000000e5d00000, 0x00000000e5d00000| Untracked 
|  94|0x00000000e5e00000, 0x00000000e5e00000, 0x00000000e5f00000|  0%| F|  |TAMS 0x00000000e5e00000, 0x00000000e5e00000| Untracked 
|  95|0x00000000e5f00000, 0x00000000e5f00000, 0x00000000e6000000|  0%| F|  |TAMS 0x00000000e5f00000, 0x00000000e5f00000| Untracked 
|  96|0x00000000e6000000, 0x00000000e6000000, 0x00000000e6100000|  0%| F|  |TAMS 0x00000000e6000000, 0x00000000e6000000| Untracked 
|  97|0x00000000e6100000, 0x00000000e6100000, 0x00000000e6200000|  0%| F|  |TAMS 0x00000000e6100000, 0x00000000e6100000| Untracked 
|  98|0x00000000e6200000, 0x00000000e6200000, 0x00000000e6300000|  0%| F|  |TAMS 0x00000000e6200000, 0x00000000e6200000| Untracked 
|  99|0x00000000e6300000, 0x00000000e6300000, 0x00000000e6400000|  0%| F|  |TAMS 0x00000000e6300000, 0x00000000e6300000| Untracked 
| 100|0x00000000e6400000, 0x00000000e6400000, 0x00000000e6500000|  0%| F|  |TAMS 0x00000000e6400000, 0x00000000e6400000| Untracked 
| 101|0x00000000e6500000, 0x00000000e6500000, 0x00000000e6600000|  0%| F|  |TAMS 0x00000000e6500000, 0x00000000e6500000| Untracked 
| 102|0x00000000e6600000, 0x00000000e6600000, 0x00000000e6700000|  0%| F|  |TAMS 0x00000000e6600000, 0x00000000e6600000| Untracked 
| 103|0x00000000e6700000, 0x00000000e6700000, 0x00000000e6800000|  0%| F|  |TAMS 0x00000000e6700000, 0x00000000e6700000| Untracked 
| 104|0x00000000e6800000, 0x00000000e6800000, 0x00000000e6900000|  0%| F|  |TAMS 0x00000000e6800000, 0x00000000e6800000| Untracked 
| 105|0x00000000e6900000, 0x00000000e6900000, 0x00000000e6a00000|  0%| F|  |TAMS 0x00000000e6900000, 0x00000000e6900000| Untracked 
| 106|0x00000000e6a00000, 0x00000000e6a00000, 0x00000000e6b00000|  0%| F|  |TAMS 0x00000000e6a00000, 0x00000000e6a00000| Untracked 
| 107|0x00000000e6b00000, 0x00000000e6b00000, 0x00000000e6c00000|  0%| F|  |TAMS 0x00000000e6b00000, 0x00000000e6b00000| Untracked 
| 108|0x00000000e6c00000, 0x00000000e6c00000, 0x00000000e6d00000|  0%| F|  |TAMS 0x00000000e6c00000, 0x00000000e6c00000| Untracked 
| 109|0x00000000e6d00000, 0x00000000e6d00000, 0x00000000e6e00000|  0%| F|  |TAMS 0x00000000e6d00000, 0x00000000e6d00000| Untracked 
| 110|0x00000000e6e00000, 0x00000000e6e00000, 0x00000000e6f00000|  0%| F|  |TAMS 0x00000000e6e00000, 0x00000000e6e00000| Untracked 
| 111|0x00000000e6f00000, 0x00000000e6f00000, 0x00000000e7000000|  0%| F|  |TAMS 0x00000000e6f00000, 0x00000000e6f00000| Untracked 
| 112|0x00000000e7000000, 0x00000000e7000000, 0x00000000e7100000|  0%| F|  |TAMS 0x00000000e7000000, 0x00000000e7000000| Untracked 
| 113|0x00000000e7100000, 0x00000000e7100000, 0x00000000e7200000|  0%| F|  |TAMS 0x00000000e7100000, 0x00000000e7100000| Untracked 
| 114|0x00000000e7200000, 0x00000000e7200000, 0x00000000e7300000|  0%| F|  |TAMS 0x00000000e7200000, 0x00000000e7200000| Untracked 
| 115|0x00000000e7300000, 0x00000000e7300000, 0x00000000e7400000|  0%| F|  |TAMS 0x00000000e7300000, 0x00000000e7300000| Untracked 
| 116|0x00000000e7400000, 0x00000000e7400000, 0x00000000e7500000|  0%| F|  |TAMS 0x00000000e7400000, 0x00000000e7400000| Untracked 
| 117|0x00000000e7500000, 0x00000000e7500000, 0x00000000e7600000|  0%| F|  |TAMS 0x00000000e7500000, 0x00000000e7500000| Untracked 
| 118|0x00000000e7600000, 0x00000000e7600000, 0x00000000e7700000|  0%| F|  |TAMS 0x00000000e7600000, 0x00000000e7600000| Untracked 
| 119|0x00000000e7700000, 0x00000000e7700000, 0x00000000e7800000|  0%| F|  |TAMS 0x00000000e7700000, 0x00000000e7700000| Untracked 
| 120|0x00000000e7800000, 0x00000000e7800000, 0x00000000e7900000|  0%| F|  |TAMS 0x00000000e7800000, 0x00000000e7800000| Untracked 
| 121|0x00000000e7900000, 0x00000000e7900000, 0x00000000e7a00000|  0%| F|  |TAMS 0x00000000e7900000, 0x00000000e7900000| Untracked 
| 122|0x00000000e7a00000, 0x00000000e7a00000, 0x00000000e7b00000|  0%| F|  |TAMS 0x00000000e7a00000, 0x00000000e7a00000| Untracked 
| 123|0x00000000e7b00000, 0x00000000e7b00000, 0x00000000e7c00000|  0%| F|  |TAMS 0x00000000e7b00000, 0x00000000e7b00000| Untracked 
| 124|0x00000000e7c00000, 0x00000000e7c00000, 0x00000000e7d00000|  0%| F|  |TAMS 0x00000000e7c00000, 0x00000000e7c00000| Untracked 
| 125|0x00000000e7d00000, 0x00000000e7d00000, 0x00000000e7e00000|  0%| F|  |TAMS 0x00000000e7d00000, 0x00000000e7d00000| Untracked 
| 126|0x00000000e7e00000, 0x00000000e7e00000, 0x00000000e7f00000|  0%| F|  |TAMS 0x00000000e7e00000, 0x00000000e7e00000| Untracked 
| 127|0x00000000e7f00000, 0x00000000e7f75c38, 0x00000000e8000000| 46%| E|  |TAMS 0x00000000e7f00000, 0x00000000e7f00000| Complete 

Card table byte_map: [0x000001d749f00000,0x000001d74a000000] _byte_map_base: 0x000001d749800000

Marking Bits (Prev, Next): (CMBitMap*) 0x000001d730446be8, (CMBitMap*) 0x000001d730446c28
 Prev Bits: [0x000001d74a100000, 0x000001d74a900000)
 Next Bits: [0x000001d74a900000, 0x000001d74b100000)

Polling page: 0x000001d73a370000

Metaspace:

Usage:
  Non-class:     80.00 KB capacity,    73.00 KB ( 91%) used,     6.69 KB (  8%) free+waste,   320 bytes ( <1%) overhead. 
      Class:    384.00 KB capacity,     5.08 KB (  1%) used,   378.86 KB ( 99%) free+waste,    64 bytes ( <1%) overhead. 
       Both:    464.00 KB capacity,    78.08 KB ( 17%) used,   385.55 KB ( 83%) free+waste,   384 bytes ( <1%) overhead. 

Virtual space:
  Non-class space:       12.00 MB reserved,     256.00 KB (  2%) committed 
      Class space:        1.00 GB reserved,     384.00 KB ( <1%) committed 
             Both:        1.01 GB reserved,     640.00 KB ( <1%) committed 

Chunk freelists:
   Non-Class:  48.00 KB
       Class:  0 bytes
        Both:  48.00 KB

MaxMetaspaceSize: 17179869184.00 GB
CompressedClassSpaceSize: 1.00 GB

CodeHeap 'non-profiled nmethods': size=120000Kb used=0Kb max_used=0Kb free=120000Kb
 bounds [0x000001d741e60000, 0x000001d7420d0000, 0x000001d749390000]
CodeHeap 'profiled nmethods': size=120000Kb used=1Kb max_used=1Kb free=119999Kb
 bounds [0x000001d73a930000, 0x000001d73aba0000, 0x000001d741e60000]
CodeHeap 'non-nmethods': size=5760Kb used=1015Kb max_used=1015Kb free=4744Kb
 bounds [0x000001d73a390000, 0x000001d73a600000, 0x000001d73a930000]
 total_blobs=502 nmethods=1 adapters=155
 compilation: enabled
              stopped_count=0, restarted_count=0
 full_count=0

Compilation events (3 events):
Event: 0.028 Thread 0x000001d74db5a800    1       3       java.lang.String::isLatin1 (19 bytes)
Event: 0.028 Thread 0x000001d74db5a800 nmethod 1 0x000001d73a930010 code [0x000001d73a9301a0, 0x000001d73a930338]
Event: 0.029 Thread 0x000001d74db5a800    2       3       java.lang.String::charAt (25 bytes)

GC Heap History (0 events):
No events

Deoptimization events (0 events):
No events

Classes unloaded (0 events):
No events

Classes redefined (0 events):
No events

Internal exceptions (0 events):
No events

Events (12 events):
Event: 0.006 Loaded shared library C:\Program Files\Java\jdk-14\bin\java.dll
Event: 0.007 Loaded shared library C:\Program Files\Java\jdk-14\bin\zip.dll
Event: 0.018 Thread 0x000001d73041d800 Thread added: 0x000001d73041d800
Event: 0.020 Thread 0x000001d74db31000 Thread added: 0x000001d74db31000
Event: 0.020 Thread 0x000001d74db32000 Thread added: 0x000001d74db32000
Event: 0.027 Thread 0x000001d74db4d000 Thread added: 0x000001d74db4d000
Event: 0.027 Thread 0x000001d74db50000 Thread added: 0x000001d74db50000
Event: 0.027 Thread 0x000001d74db52000 Thread added: 0x000001d74db52000
Event: 0.027 Thread 0x000001d74db56800 Thread added: 0x000001d74db56800
Event: 0.027 Thread 0x000001d74db5a800 Thread added: 0x000001d74db5a800
Event: 0.027 Thread 0x000001d74db62000 Thread added: 0x000001d74db62000
Event: 0.029 loading class jdk/internal/module/ModulePath


Dynamic libraries:
0x00007ff7e4720000 - 0x00007ff7e472f000 	C:\Program Files\Java\jdk-14\bin\javaw.exe
0x00007ffb3de20000 - 0x00007ffb3e010000 	C:\WINDOWS\SYSTEM32\ntdll.dll
0x00007ffb3d910000 - 0x00007ffb3d9c2000 	C:\WINDOWS\System32\KERNEL32.DLL
0x00007ffb3b790000 - 0x00007ffb3ba33000 	C:\WINDOWS\System32\KERNELBASE.dll
0x00007ffb3adb0000 - 0x00007ffb3aeaa000 	C:\WINDOWS\System32\ucrtbase.dll
0x00007ffb36ee0000 - 0x00007ffb36ef8000 	C:\Program Files\Java\jdk-14\bin\jli.dll
0x00007ffb34360000 - 0x00007ffb34375000 	C:\Program Files\Java\jdk-14\bin\VCRUNTIME140.dll
0x00007ffb3d0c0000 - 0x00007ffb3d163000 	C:\WINDOWS\System32\ADVAPI32.dll
0x00007ffb3d870000 - 0x00007ffb3d90e000 	C:\WINDOWS\System32\msvcrt.dll
0x00007ffb3bf00000 - 0x00007ffb3bf97000 	C:\WINDOWS\System32\sechost.dll
0x00007ffb3c150000 - 0x00007ffb3c270000 	C:\WINDOWS\System32\RPCRT4.dll
0x00007ffb3c950000 - 0x00007ffb3cae4000 	C:\WINDOWS\System32\USER32.dll
0x00007ffb3bd00000 - 0x00007ffb3bd21000 	C:\WINDOWS\System32\win32u.dll
0x00007ffb3cf70000 - 0x00007ffb3cf96000 	C:\WINDOWS\System32\GDI32.dll
0x00007ffb307c0000 - 0x00007ffb30a45000 	C:\WINDOWS\WinSxS\amd64_microsoft.windows.common-controls_6595b64144ccf1df_6.0.18362.778_none_e6c6b761130d4fb8\COMCTL32.dll
0x00007ffb3bd30000 - 0x00007ffb3bec4000 	C:\WINDOWS\System32\gdi32full.dll
0x00007ffb3caf0000 - 0x00007ffb3ce26000 	C:\WINDOWS\System32\combase.dll
0x00007ffb3bc60000 - 0x00007ffb3bcfe000 	C:\WINDOWS\System32\msvcp_win.dll
0x00007ffb3bb90000 - 0x00007ffb3bc10000 	C:\WINDOWS\System32\bcryptPrimitives.dll
0x00007ffb313d0000 - 0x00007ffb313da000 	C:\WINDOWS\SYSTEM32\VERSION.dll
0x00007ffb3db40000 - 0x00007ffb3db6e000 	C:\WINDOWS\System32\IMM32.DLL
0x00007ffb342c0000 - 0x00007ffb3435b000 	C:\Program Files\Java\jdk-14\bin\msvcp140.dll
0x00007ffb04150000 - 0x00007ffb04c6f000 	C:\Program Files\Java\jdk-14\bin\server\jvm.dll
0x00007ffb3bed0000 - 0x00007ffb3bed8000 	C:\WINDOWS\System32\PSAPI.DLL
0x00007ffb2ac90000 - 0x00007ffb2ac99000 	C:\WINDOWS\SYSTEM32\WSOCK32.dll
0x00007ffb366e0000 - 0x00007ffb36704000 	C:\WINDOWS\SYSTEM32\WINMM.dll
0x00007ffb3ce30000 - 0x00007ffb3ce9f000 	C:\WINDOWS\System32\WS2_32.dll
0x00007ffb366b0000 - 0x00007ffb366dd000 	C:\WINDOWS\SYSTEM32\WINMMBASE.dll
0x00007ffb3bc10000 - 0x00007ffb3bc5a000 	C:\WINDOWS\System32\cfgmgr32.dll
0x00007ffb3acf0000 - 0x00007ffb3ad01000 	C:\WINDOWS\System32\kernel.appcore.dll
0x00007ffb355b0000 - 0x00007ffb355ba000 	C:\Program Files\Java\jdk-14\bin\jimage.dll
0x00007ffb395f0000 - 0x00007ffb397e4000 	C:\WINDOWS\SYSTEM32\DBGHELP.DLL
0x00007ffb29db0000 - 0x00007ffb29dda000 	C:\WINDOWS\SYSTEM32\dbgcore.DLL
0x00007ffb09790000 - 0x00007ffb097b5000 	C:\Program Files\Java\jdk-14\bin\java.dll
0x00007ffb248f0000 - 0x00007ffb24907000 	C:\Program Files\Java\jdk-14\bin\zip.dll
0x00007ffb3d180000 - 0x00007ffb3d865000 	C:\WINDOWS\System32\SHELL32.dll
0x00007ffb3c8a0000 - 0x00007ffb3c949000 	C:\WINDOWS\System32\shcore.dll
0x00007ffb3aeb0000 - 0x00007ffb3b630000 	C:\WINDOWS\System32\windows.storage.dll
0x00007ffb3ad60000 - 0x00007ffb3ad83000 	C:\WINDOWS\System32\profapi.dll
0x00007ffb3ad10000 - 0x00007ffb3ad5a000 	C:\WINDOWS\System32\powrprof.dll
0x00007ffb3ace0000 - 0x00007ffb3acf0000 	C:\WINDOWS\System32\UMPDC.dll
0x00007ffb3c7c0000 - 0x00007ffb3c812000 	C:\WINDOWS\System32\shlwapi.dll
0x00007ffb3b690000 - 0x00007ffb3b6a7000 	C:\WINDOWS\System32\cryptsp.dll

dbghelp: loaded successfully - version: 4.0.5 - missing functions: none
symbol engine: initialized successfully - sym options: 0x614 - pdb path: .;C:\Program Files\Java\jdk-14\bin;C:\WINDOWS\SYSTEM32;C:\WINDOWS\WinSxS\amd64_microsoft.windows.common-controls_6595b64144ccf1df_6.0.18362.778_none_e6c6b761130d4fb8;C:\Program Files\Java\jdk-14\bin\server

VM Arguments:
jvm_args: --module-path=C:\Program Files\javafx-sdk-14\lib --add-modules=javafx.controls,javafx.fxml -Dfile.encoding=Cp1252 -Xmx512M 
java_command: facedetection
java_class_path (initial): C:\Users\admin\eclipse-workspace\miniproject2\bin;C:\Program Files (x86)\MySQL\Connector J 8.0\mysql-connector-java-8.0.19.jar;D:\PlaceHolder.jar;C:\Users\admin\eclipse-workspace\miniproject2\miglayout15-swing.jar;C:\Program Files\Java\jre1.8.0_241\lib\ext\Java Mal Api\dsn.jar;C:\Program Files\Java\jre1.8.0_241\lib\ext\Java Mal Api\gimap.jar;C:\Program Files\Java\jre1.8.0_241\lib\ext\Java Mal Api\imap.jar;C:\Program Files\Java\jre1.8.0_241\lib\ext\Java Mal Api\javax.mail.jar;C:\Program Files\Java\jre1.8.0_241\lib\ext\Java Mal Api\mail.jar;C:\Program Files\Java\jre1.8.0_241\lib\ext\Java Mal Api\mailapi.jar;C:\Program Files\Java\jre1.8.0_241\lib\ext\Java Mal Api\pop3.jar;C:\Program Files\Java\jre1.8.0_241\lib\ext\Java Mal Api\smtp.jar;D:\email_lib\mailactivation\activation.jar;D:\email_lib\mailactivation\mail.jar;D:\email_lib\mailactivation\techsoftemail.jar;C:\opencv\build\java\opencv-430.jar;C:\Program Files\Java\jre1.8.0_241\lib\ext\jfxrt.jar
Launcher Type: SUN_STANDARD

[Global flags]
     intx CICompilerCount                          = 4                                         {product} {ergonomic}
     uint ConcGCThreads                            = 2                                         {product} {ergonomic}
     uint G1ConcRefinementThreads                  = 8                                         {product} {ergonomic}
   size_t G1HeapRegionSize                         = 1048576                                   {product} {ergonomic}
    uintx GCDrainStackTargetSize                   = 64                                        {product} {ergonomic}
   size_t InitialHeapSize                          = 134217728                                 {product} {ergonomic}
   size_t MarkStackSize                            = 4194304                                   {product} {ergonomic}
   size_t MaxHeapSize                              = 536870912                                 {product} {command line}
   size_t MaxNewSize                               = 321912832                                 {product} {ergonomic}
   size_t MinHeapDeltaBytes                        = 1048576                                   {product} {ergonomic}
   size_t MinHeapSize                              = 8388608                                   {product} {ergonomic}
    uintx NonNMethodCodeHeapSize                   = 5839372                                {pd product} {ergonomic}
    uintx NonProfiledCodeHeapSize                  = 122909434                              {pd product} {ergonomic}
    uintx ProfiledCodeHeapSize                     = 122909434                              {pd product} {ergonomic}
    uintx ReservedCodeCacheSize                    = 251658240                              {pd product} {ergonomic}
     bool SegmentedCodeCache                       = true                                      {product} {ergonomic}
   size_t SoftMaxHeapSize                          = 536870912                              {manageable} {ergonomic}
     bool UseCompressedClassPointers               = true                                 {lp64_product} {ergonomic}
     bool UseCompressedOops                        = true                                 {lp64_product} {ergonomic}
     bool UseG1GC                                  = true                                      {product} {ergonomic}
     bool UseLargePagesIndividualAllocation        = false                                  {pd product} {ergonomic}

Logging:
Log output configuration:
 #0: stdout all=warning uptime,level,tags
 #1: stderr all=off uptime,level,tags

Environment Variables:
JAVA_HOME=JAVA_HOME/bin
_JAVA_OPTIONS=-Xmx512M
CLASSPATH=C:\mysql-connector-java-8.0.19.jar;C:\Program Files\Java\jre1.8.0_241\lib\ext\Java Mal Api\mail.jar;C:\Program Files\Java\jre1.8.0_241\lib\ext\Java Mal Api\smtp.jar;C:\Program Files\Java\jre1.8.0_241\lib\ext\Java Mal Api\mailapi;
PATH=C:/Program Files/Java/jdk-14/bin/server;C:/Program Files/Java/jdk-14/bin;C:\Program Files\Java\jdk-14\bin;C:\Program Files\Java\jre1.8.0_241\bin;C:\Program Files\Calibre2\;C:\Program Files\MySQL\MySQL Shell 8.0\bin\;C:\Program Files\MySQL\MySQL Shell 8.0\bin;C:\Users\admin\AppData\Local\Programs\Microsoft VS Code\bin;C:\Users\admin\AppData\Local\Microsoft\WindowsApps;C:\Program Files\Java\jdk1.8.0_231\bin;C:\Program Files\Java\jdk1.8.0_231\jre\bin;;C:\Users\admin\Desktop;
USERNAME=admin
OS=Windows_NT
PROCESSOR_IDENTIFIER=Intel64 Family 6 Model 142 Stepping 10, GenuineIntel



---------------  S Y S T E M  ---------------

OS: Windows 10 , 64 bit Build 18362 (10.0.18362.778)
OS uptime: 0 days 2:09 hours

CPU:total 8 (initial active 8) (4 cores per cpu, 2 threads per core) family 6 model 142 stepping 10, cmov, cx8, fxsr, mmx, sse, sse2, sse3, ssse3, sse4.1, sse4.2, popcnt, avx, avx2, aes, clmul, erms, 3dnowpref, lzcnt, ht, tsc, tscinvbit, bmi1, bmi2, adx, fma

Memory: 4k page, system-wide physical 8089M (504M free)
TotalPageFile size 32665M (AvailPageFile size 1M)
current process WorkingSet (physical memory assigned to process): 21M, peak: 21M
current process commit charge ("private bytes"): 208M, peak: 210M

vm_info: Java HotSpot(TM) 64-Bit Server VM (14+36-1461) for windows-amd64 JRE (14+36-1461), built on Feb  6 2020 19:08:04 by "mach5one" with MS VC++ 15.9 (VS2017)

END.
