#
# There is insufficient memory for the Java Runtime Environment to continue.
# Native memory allocation (mmap) failed to map 134217728 bytes for Failed to commit area from 0x00000000f0000000 to 0x00000000f8000000 of length 134217728.
# Possible reasons:
#   The system is out of physical RAM or swap space
#   The process is running with CompressedOops enabled, and the Java Heap may be blocking the growth of the native heap
# Possible solutions:
#   Reduce memory load on the system
#   Increase physical memory or swap space
#   Check if swap backing store is full
#   Decrease Java heap size (-Xmx/-Xms)
#   Decrease number of Java threads
#   Decrease Java thread stack sizes (-Xss)
#   Set larger code cache with -XX:ReservedCodeCacheSize=
#   JVM is running with Unscaled Compressed Oops mode in which the Java heap is
#     placed in the first 4GB address space. The Java Heap base address is the
#     maximum limit for the native heap growth. Please use -XX:HeapBaseMinAddress
#     to set the Java Heap base and to place the Java Heap above 4GB virtual address.
# This output file may be truncated or incomplete.
#
#  Out of Memory Error (t:/workspace/open/src/hotspot/os/windows/os_windows.cpp:3315), pid=14444, tid=13200
#
# JRE version:  (14.0+36) (build )
# Java VM: Java HotSpot(TM) 64-Bit Server VM (14+36-1461, mixed mode, sharing, tiered, compressed oops, g1 gc, windows-amd64)
# No core dump will be written. Minidumps are not enabled by default on client versions of Windows
#

---------------  S U M M A R Y ------------

Command Line: -Dfile.encoding=Cp1252 -Xmx256M welcome

Host: Intel(R) Core(TM) i5-8250U CPU @ 1.60GHz, 8 cores, 7G,  Windows 10 , 64 bit Build 18362 (10.0.18362.778)
Time: Thu May 28 22:57:12 2020 India Standard Time elapsed time: 0 seconds (0d 0h 0m 0s)

---------------  T H R E A D  ---------------

Current thread (0x0000028cfad2f000):  JavaThread "Unknown thread" [_thread_in_vm, id=13200, stack(0x000000a38d400000,0x000000a38d500000)]

Stack: [0x000000a38d400000,0x000000a38d500000]
Native frames: (J=compiled Java code, j=interpreted, Vv=VM code, C=native code)
V  [jvm.dll+0x5f83ea]
V  [jvm.dll+0x741e2a]
V  [jvm.dll+0x7435df]
V  [jvm.dll+0x743c23]
V  [jvm.dll+0x20d268]
V  [jvm.dll+0x5f579a]
V  [jvm.dll+0x5ea5f5]
V  [jvm.dll+0x2c7e7c]
V  [jvm.dll+0x2c7cb2]
V  [jvm.dll+0x2cdb9c]
V  [jvm.dll+0x313fd8]
V  [jvm.dll+0x313700]
V  [jvm.dll+0x2a090a]
V  [jvm.dll+0x2a1a59]
V  [jvm.dll+0x71f6f8]
V  [jvm.dll+0x321c24]
V  [jvm.dll+0x700aec]
V  [jvm.dll+0x392ddf]
V  [jvm.dll+0x394e51]
C  [jli.dll+0x523b]
C  [ucrtbase.dll+0x20e82]
C  [KERNEL32.DLL+0x17bd4]
C  [ntdll.dll+0x6ce51]


---------------  P R O C E S S  ---------------

Threads class SMR info:
_java_thread_list=0x00007ffac8e44078, length=0, elements={
}

Java Threads: ( => current thread )

Other Threads:
  0x0000028cfad53000 GCTaskThread "GC Thread#0" [stack: 0x000000a38d500000,0x000000a38d600000] [id=15148]
  0x0000028cfad58000 ConcurrentGCThread "G1 Main Marker" [stack: 0x000000a38d600000,0x000000a38d700000] [id=13072]
  0x0000028cfad59800 ConcurrentGCThread "G1 Conc#0" [stack: 0x000000a38d700000,0x000000a38d800000] [id=13472]

[error occurred during error reporting (printing all threads), id 0xc0000005, EXCEPTION_ACCESS_VIOLATION (0xc0000005) at pc=0x00007ffac8671237]

VM state:not at safepoint (not fully initialized)

VM Mutex/Monitor currently owned by a thread:  ([mutex/lock_event])
[0x0000028cf8bcc820] Heap_lock - owner thread: 0x0000028cfad2f000

Heap address: 0x00000000f0000000, size: 256 MB, Compressed Oops mode: 32-bit
Narrow klass base: 0x0000000000000000, Narrow klass shift: 0

GC Heap History (0 events):
No events

Deoptimization events (0 events):
No events

Classes unloaded (0 events):
No events

Classes redefined (0 events):
No events

Internal exceptions (0 events):
No events

Events (2 events):
Event: 0.009 Loaded shared library C:\Program Files\Java\jdk-14\bin\java.dll
Event: 0.009 Loaded shared library C:\Program Files\Java\jdk-14\bin\zip.dll


Dynamic libraries:
0x00007ff7a1ee0000 - 0x00007ff7a1eef000 	C:\Program Files\Java\jdk-14\bin\javaw.exe
0x00007ffb141a0000 - 0x00007ffb14390000 	C:\WINDOWS\SYSTEM32\ntdll.dll
0x00007ffb13e60000 - 0x00007ffb13f12000 	C:\WINDOWS\System32\KERNEL32.DLL
0x00007ffb11510000 - 0x00007ffb117b4000 	C:\WINDOWS\System32\KERNELBASE.dll
0x00007ffb11ff0000 - 0x00007ffb120ea000 	C:\WINDOWS\System32\ucrtbase.dll
0x00007ffaf53f0000 - 0x00007ffaf5408000 	C:\Program Files\Java\jdk-14\bin\jli.dll
0x00007ffb12250000 - 0x00007ffb122f3000 	C:\WINDOWS\System32\ADVAPI32.dll
0x00007ffae76d0000 - 0x00007ffae76e5000 	C:\Program Files\Java\jdk-14\bin\VCRUNTIME140.dll
0x00007ffb12a50000 - 0x00007ffb12aee000 	C:\WINDOWS\System32\msvcrt.dll
0x00007ffb12d90000 - 0x00007ffb12e27000 	C:\WINDOWS\System32\sechost.dll
0x00007ffb12c10000 - 0x00007ffb12d30000 	C:\WINDOWS\System32\RPCRT4.dll
0x00007ffb12e30000 - 0x00007ffb12fc4000 	C:\WINDOWS\System32\USER32.dll
0x00007ffb121c0000 - 0x00007ffb121e1000 	C:\WINDOWS\System32\win32u.dll
0x00007ffb129b0000 - 0x00007ffb129d6000 	C:\WINDOWS\System32\GDI32.dll
0x00007ffb01e90000 - 0x00007ffb02114000 	C:\WINDOWS\WinSxS\amd64_microsoft.windows.common-controls_6595b64144ccf1df_6.0.18362.836_none_e6c4b943130f18ed\COMCTL32.dll
0x00007ffb11340000 - 0x00007ffb114d4000 	C:\WINDOWS\System32\gdi32full.dll
0x00007ffb11280000 - 0x00007ffb1131e000 	C:\WINDOWS\System32\msvcp_win.dll
0x00007ffb125e0000 - 0x00007ffb12916000 	C:\WINDOWS\System32\combase.dll
0x00007ffb12140000 - 0x00007ffb121c0000 	C:\WINDOWS\System32\bcryptPrimitives.dll
0x00007ffb03e70000 - 0x00007ffb03e7a000 	C:\WINDOWS\SYSTEM32\VERSION.dll
0x00007ffb135e0000 - 0x00007ffb1360e000 	C:\WINDOWS\System32\IMM32.DLL
0x00007ffad0210000 - 0x00007ffad02ab000 	C:\Program Files\Java\jdk-14\bin\msvcp140.dll
0x00007ffac83c0000 - 0x00007ffac8edf000 	C:\Program Files\Java\jdk-14\bin\server\jvm.dll
0x00007ffb13690000 - 0x00007ffb13698000 	C:\WINDOWS\System32\PSAPI.DLL
0x00007ffb00600000 - 0x00007ffb00609000 	C:\WINDOWS\SYSTEM32\WSOCK32.dll
0x00007ffb0cb30000 - 0x00007ffb0cb54000 	C:\WINDOWS\SYSTEM32\WINMM.dll
0x00007ffb13f40000 - 0x00007ffb13faf000 	C:\WINDOWS\System32\WS2_32.dll
0x00007ffb0cb00000 - 0x00007ffb0cb2d000 	C:\WINDOWS\SYSTEM32\WINMMBASE.dll
0x00007ffb120f0000 - 0x00007ffb1213a000 	C:\WINDOWS\System32\cfgmgr32.dll
0x00007ffb11070000 - 0x00007ffb11081000 	C:\WINDOWS\System32\kernel.appcore.dll
0x00007ffb0c360000 - 0x00007ffb0c36a000 	C:\Program Files\Java\jdk-14\bin\jimage.dll
0x00007ffb0f980000 - 0x00007ffb0fb74000 	C:\WINDOWS\SYSTEM32\DBGHELP.DLL
0x00007ffb00610000 - 0x00007ffb0063a000 	C:\WINDOWS\SYSTEM32\dbgcore.DLL
0x00007ffaf1150000 - 0x00007ffaf1175000 	C:\Program Files\Java\jdk-14\bin\java.dll
0x00007ffb036f0000 - 0x00007ffb03707000 	C:\Program Files\Java\jdk-14\bin\zip.dll

dbghelp: loaded successfully - version: 4.0.5 - missing functions: none
symbol engine: initialized successfully - sym options: 0x614 - pdb path: .;C:\Program Files\Java\jdk-14\bin;C:\WINDOWS\SYSTEM32;C:\WINDOWS\WinSxS\amd64_microsoft.windows.common-controls_6595b64144ccf1df_6.0.18362.836_none_e6c4b943130f18ed;C:\Program Files\Java\jdk-14\bin\server

VM Arguments:
jvm_args: -Dfile.encoding=Cp1252 -Xmx256M 
java_command: welcome
java_class_path (initial): C:\Users\admin\eclipse-workspace\miniproject2\bin;C:\Program Files (x86)\MySQL\Connector J 8.0\mysql-connector-java-8.0.19.jar;D:\PlaceHolder.jar;C:\Users\admin\eclipse-workspace\miniproject2\miglayout15-swing.jar;C:\Program Files\Java\jre1.8.0_241\lib\ext\Java Mal Api\dsn.jar;C:\Program Files\Java\jre1.8.0_241\lib\ext\Java Mal Api\gimap.jar;C:\Program Files\Java\jre1.8.0_241\lib\ext\Java Mal Api\imap.jar;C:\Program Files\Java\jre1.8.0_241\lib\ext\Java Mal Api\javax.mail.jar;C:\Program Files\Java\jre1.8.0_241\lib\ext\Java Mal Api\mail.jar;C:\Program Files\Java\jre1.8.0_241\lib\ext\Java Mal Api\mailapi.jar;C:\Program Files\Java\jre1.8.0_241\lib\ext\Java Mal Api\pop3.jar;C:\Program Files\Java\jre1.8.0_241\lib\ext\Java Mal Api\smtp.jar;D:\email_lib\mailactivation\activation.jar;D:\email_lib\mailactivation\mail.jar;D:\email_lib\mailactivation\techsoftemail.jar;C:\opencv\build\java\opencv-430.jar;C:\Program Files\Java\jre1.8.0_241\lib\ext\jfxrt.jar;C:\Program Files\Java\jre1.8.0_241\lib\ext\jcalendar-1.4.jar;C:\Program Files\Java\jre1.8.0_241\lib\ext\jgoodies-common-1.2.0.jar;C:\Program Files\Java\jre1.8.0_241\lib\ext\jgoodies-looks-2.4.1.jar;C:\Program Files\Java\jre1.8.0_241\lib\ext\junit-4.6.jar;C:\Program Files\Java\jre1.8.0_241\lib\ext\itextpdf-5.1.0.jar;C:\Users\admin\eclipse-workspace\miniproject2\jgoodies-forms-1.8.0.jar;C:\Program Files\Java\jre1.8.0_241\lib\ext\rs2xml.jar
Launcher Type: SUN_STANDARD

[Global flags]
     intx CICompilerCount                          = 4                                         {product} {ergonomic}
     uint ConcGCThreads                            = 2                                         {product} {ergonomic}
     uint G1ConcRefinementThreads                  = 8                                         {product} {ergonomic}
   size_t G1HeapRegionSize                         = 1048576                                   {product} {ergonomic}
    uintx GCDrainStackTargetSize                   = 64                                        {product} {ergonomic}
   size_t InitialHeapSize                          = 134217728                                 {product} {ergonomic}
   size_t MarkStackSize                            = 4194304                                   {product} {ergonomic}
   size_t MaxHeapSize                              = 268435456                                 {product} {command line}
   size_t MinHeapDeltaBytes                        = 1048576                                   {product} {ergonomic}
   size_t MinHeapSize                              = 8388608                                   {product} {ergonomic}
    uintx NonNMethodCodeHeapSize                   = 5839372                                {pd product} {ergonomic}
    uintx NonProfiledCodeHeapSize                  = 122909434                              {pd product} {ergonomic}
    uintx ProfiledCodeHeapSize                     = 122909434                              {pd product} {ergonomic}
    uintx ReservedCodeCacheSize                    = 251658240                              {pd product} {ergonomic}
     bool SegmentedCodeCache                       = true                                      {product} {ergonomic}
   size_t SoftMaxHeapSize                          = 268435456                              {manageable} {ergonomic}
     bool UseCompressedClassPointers               = true                                 {lp64_product} {ergonomic}
     bool UseCompressedOops                        = true                                 {lp64_product} {ergonomic}
     bool UseG1GC                                  = true                                      {product} {ergonomic}
     bool UseLargePagesIndividualAllocation        = false                                  {pd product} {ergonomic}

Logging:
Log output configuration:
 #0: stdout all=warning uptime,level,tags
 #1: stderr all=off uptime,level,tags

Environment Variables:
JAVA_HOME=JAVA_HOME/bin
_JAVA_OPTIONS=-Xmx256M
CLASSPATH=C:\mysql-connector-java-8.0.19.jar;C:\Program Files\Java\jre1.8.0_241\lib\ext\Java Mal Api\mail.jar;C:\Program Files\Java\jre1.8.0_241\lib\ext\Java Mal Api\smtp.jar;C:\Program Files\Java\jre1.8.0_241\lib\ext\Java Mal Api\mailapi;C:\Program Files\Java\jre1.8.0_241\lib\ext\java\opencv-430;
PATH=C:/Program Files/Java/jdk-14/bin/server;C:/Program Files/Java/jdk-14/bin;C:\Program Files\Java\jdk-14\bin;C:\Program Files\Java\jre1.8.0_241\bin;C:\Program Files\Calibre2\;C:\Program Files\MySQL\MySQL Shell 8.0\bin\;C:\Program Files\MySQL\MySQL Shell 8.0\bin;C:\Users\admin\AppData\Local\Programs\Microsoft VS Code\bin;C:\Users\admin\AppData\Local\Microsoft\WindowsApps;C:\Program Files\Java\jdk1.8.0_231\bin;C:\Program Files\Java\jdk1.8.0_231\jre\bin;;C:\Users\admin\Desktop;
USERNAME=admin
OS=Windows_NT
PROCESSOR_IDENTIFIER=Intel64 Family 6 Model 142 Stepping 10, GenuineIntel



---------------  S Y S T E M  ---------------

OS: Windows 10 , 64 bit Build 18362 (10.0.18362.778)
OS uptime: 0 days 4:22 hours

CPU:total 8 (initial active 8) (4 cores per cpu, 2 threads per core) family 6 model 142 stepping 10, cmov, cx8, fxsr, mmx, sse, sse2, sse3, ssse3, sse4.1, sse4.2, popcnt, avx, avx2, aes, clmul, erms, 3dnowpref, lzcnt, ht, tsc, tscinvbit, bmi1, bmi2, adx, fma

Memory: 4k page, system-wide physical 8089M (851M free)
TotalPageFile size 32665M (AvailPageFile size 104M)
current process WorkingSet (physical memory assigned to process): 10M, peak: 10M
current process commit charge ("private bytes"): 59M, peak: 187M

vm_info: Java HotSpot(TM) 64-Bit Server VM (14+36-1461) for windows-amd64 JRE (14+36-1461), built on Feb  6 2020 19:08:04 by "mach5one" with MS VC++ 15.9 (VS2017)

END.
